This file contains any messages produced by compilers while
running configure, to aid debugging if configure makes a mistake.

It was created by nbd configure 3.19, which was
generated by GNU Autoconf 2.69.  Invocation command line was

  $ ./configure --prefix=/usr --sbindir=/usr/bin --sysconfdir=/etc --enable-syslog

## --------- ##
## Platform. ##
## --------- ##

hostname = a02cad90f392
uname -m = x86_64
uname -r = 5.2.11-arch1-1-ARCH
uname -s = Linux
uname -v = #1 SMP PREEMPT Thu Aug 29 08:09:36 UTC 2019

/usr/bin/uname -p = unknown
/bin/uname -X     = unknown

/bin/arch              = unknown
/usr/bin/arch -k       = unknown
/usr/convex/getsysinfo = unknown
/usr/bin/hostinfo      = unknown
/bin/machine           = unknown
/usr/bin/oslevel       = unknown
/bin/universe          = unknown

PATH: /usr/local/sbin
PATH: /usr/local/bin
PATH: /usr/sbin
PATH: /usr/bin
PATH: /sbin
PATH: /bin
PATH: /usr/bin/core_perl
PATH: /usr/bin/vendor_perl


## ----------- ##
## Core tests. ##
## ----------- ##

configure:2677: checking for a BSD-compatible install
configure:2745: result: /usr/bin/install -c
configure:2756: checking whether build environment is sane
configure:2811: result: yes
configure:2960: checking for a thread-safe mkdir -p
configure:2999: result: /usr/sbin/mkdir -p
configure:3006: checking for gawk
configure:3022: found /usr/sbin/gawk
configure:3033: result: gawk
configure:3044: checking whether make sets $(MAKE)
configure:3066: result: yes
configure:3095: checking whether make supports nested variables
configure:3112: result: yes
configure:3239: checking whether to enable maintainer-specific portions of Makefiles
configure:3248: result: yes
configure:3291: checking build system type
configure:3305: result: x86_64-pc-linux-gnu
configure:3325: checking host system type
configure:3338: result: x86_64-pc-linux-gnu
configure:3379: checking how to print strings
configure:3406: result: printf
configure:3431: checking whether make supports the include directive
configure:3446: make -f confmf.GNU && cat confinc.out
this is the am__doit target
configure:3449: $? = 0
configure:3468: result: yes (GNU style)
configure:3538: checking for gcc
configure:3554: found /usr/sbin/gcc
configure:3565: result: gcc
configure:3794: checking for C compiler version
configure:3803: gcc --version >&5
gcc (GCC) 9.1.0
Copyright (C) 2019 Free Software Foundation, Inc.
This is free software; see the source for copying conditions.  There is NO
warranty; not even for MERCHANTABILITY or FITNESS FOR A PARTICULAR PURPOSE.

configure:3814: $? = 0
configure:3803: gcc -v >&5
Using built-in specs.
COLLECT_GCC=gcc
COLLECT_LTO_WRAPPER=/usr/lib/gcc/x86_64-pc-linux-gnu/9.1.0/lto-wrapper
Target: x86_64-pc-linux-gnu
Configured with: /build/gcc/src/gcc/configure --prefix=/usr --libdir=/usr/lib --libexecdir=/usr/lib --mandir=/usr/share/man --infodir=/usr/share/info --with-bugurl=https://bugs.archlinux.org/ --enable-languages=c,c++,ada,fortran,go,lto,objc,obj-c++ --enable-shared --enable-threads=posix --with-system-zlib --with-isl --enable-__cxa_atexit --disable-libunwind-exceptions --enable-clocale=gnu --disable-libstdcxx-pch --disable-libssp --enable-gnu-unique-object --enable-linker-build-id --enable-lto --enable-plugin --enable-install-libiberty --with-linker-hash-style=gnu --enable-gnu-indirect-function --enable-multilib --disable-werror --enable-checking=release --enable-default-pie --enable-default-ssp --enable-cet=auto
Thread model: posix
gcc version 9.1.0 (GCC) 
configure:3814: $? = 0
configure:3803: gcc -V >&5
gcc: error: unrecognized command line option '-V'
gcc: fatal error: no input files
compilation terminated.
configure:3814: $? = 1
configure:3803: gcc -qversion >&5
gcc: error: unrecognized command line option '-qversion'; did you mean '--version'?
gcc: fatal error: no input files
compilation terminated.
configure:3814: $? = 1
configure:3834: checking whether the C compiler works
configure:3856: gcc -march=x86-64 -mtune=generic -O2 -pipe -fno-plt -D_FORTIFY_SOURCE=2 -Wl,-O1,--sort-common,--as-needed,-z,relro,-z,now conftest.c  >&5
configure:3860: $? = 0
configure:3908: result: yes
configure:3911: checking for C compiler default output file name
configure:3913: result: a.out
configure:3919: checking for suffix of executables
configure:3926: gcc -o conftest -march=x86-64 -mtune=generic -O2 -pipe -fno-plt -D_FORTIFY_SOURCE=2 -Wl,-O1,--sort-common,--as-needed,-z,relro,-z,now conftest.c  >&5
configure:3930: $? = 0
configure:3952: result: 
configure:3974: checking whether we are cross compiling
configure:3982: gcc -o conftest -march=x86-64 -mtune=generic -O2 -pipe -fno-plt -D_FORTIFY_SOURCE=2 -Wl,-O1,--sort-common,--as-needed,-z,relro,-z,now conftest.c  >&5
configure:3986: $? = 0
configure:3993: ./conftest
configure:3997: $? = 0
configure:3985: result: no
configure:3990: checking for suffix of object files
configure:4012: gcc -c -march=x86-64 -mtune=generic -O2 -pipe -fno-plt -D_FORTIFY_SOURCE=2 conftest.c >&5
configure:4016: $? = 0
configure:4037: result: o
configure:4041: checking whether we are using the GNU C compiler
configure:4060: gcc -c -march=x86-64 -mtune=generic -O2 -pipe -fno-plt -D_FORTIFY_SOURCE=2 conftest.c >&5
configure:4060: $? = 0
configure:4069: result: yes
configure:4078: checking whether gcc accepts -g
configure:4098: gcc -c -g -D_FORTIFY_SOURCE=2 conftest.c >&5
configure:4098: $? = 0
configure:4139: result: yes
configure:4156: checking for gcc option to accept ISO C89
configure:4219: gcc  -c -march=x86-64 -mtune=generic -O2 -pipe -fno-plt -D_FORTIFY_SOURCE=2 conftest.c >&5
configure:4219: $? = 0
configure:4232: result: none needed
configure:4257: checking whether gcc understands -c and -o together
configure:4279: gcc -c conftest.c -o conftest2.o
configure:4282: $? = 0
configure:4279: gcc -c conftest.c -o conftest2.o
configure:4282: $? = 0
configure:4294: result: yes
configure:4313: checking dependency style of gcc
configure:4424: result: gcc3
configure:4439: checking for a sed that does not truncate output
configure:4503: result: /usr/sbin/sed
configure:4521: checking for grep that handles long lines and -e
configure:4579: result: /usr/sbin/grep
configure:4584: checking for egrep
configure:4646: result: /usr/sbin/grep -E
configure:4651: checking for fgrep
configure:4713: result: /usr/sbin/grep -F
configure:4748: checking for ld used by gcc
configure:4815: result: /usr/sbin/ld
configure:4822: checking if the linker (/usr/sbin/ld) is GNU ld
configure:4837: result: yes
configure:4849: checking for BSD- or MS-compatible name lister (nm)
configure:4903: result: /usr/sbin/nm -B
configure:5033: checking the name lister (/usr/sbin/nm -B) interface
configure:5040: gcc -c -march=x86-64 -mtune=generic -O2 -pipe -fno-plt -D_FORTIFY_SOURCE=2 conftest.c >&5
configure:5043: /usr/sbin/nm -B "conftest.o"
configure:5046: output
0000000000000000 B some_variable
configure:5047: result: BSD nm
configure:5050: checking whether ln -s works
configure:5054: result: yes
configure:5062: checking the maximum length of command line arguments
configure:5193: result: 1572864
configure:5241: checking how to convert x86_64-pc-linux-gnu file names to x86_64-pc-linux-gnu format
configure:5281: result: func_convert_file_noop
configure:5288: checking how to convert x86_64-pc-linux-gnu file names to toolchain format
configure:5308: result: func_convert_file_noop
configure:5315: checking for /usr/sbin/ld option to reload object files
configure:5322: result: -r
configure:5396: checking for objdump
configure:5412: found /usr/sbin/objdump
configure:5423: result: objdump
configure:5455: checking how to recognize dependent libraries
configure:5655: result: pass_all
configure:5740: checking for dlltool
configure:5770: result: no
configure:5800: checking how to associate runtime and link libraries
configure:5827: result: printf %s\n
configure:5888: checking for ar
configure:5904: found /usr/sbin/ar
configure:5915: result: ar
configure:5952: checking for archiver @FILE support
configure:5969: gcc -c -march=x86-64 -mtune=generic -O2 -pipe -fno-plt -D_FORTIFY_SOURCE=2 conftest.c >&5
configure:5969: $? = 0
configure:5972: ar cru libconftest.a @conftest.lst >&5
ar: `u' modifier ignored since `D' is the default (see `U')
configure:5975: $? = 0
configure:5980: ar cru libconftest.a @conftest.lst >&5
ar: `u' modifier ignored since `D' is the default (see `U')
ar: conftest.o: No such file or directory
configure:5983: $? = 1
configure:5982: result: @
configure:6040: checking for strip
configure:6056: found /usr/sbin/strip
configure:6067: result: strip
configure:6139: checking for ranlib
configure:6155: found /usr/sbin/ranlib
configure:6166: result: ranlib
configure:6268: checking command to parse /usr/sbin/nm -B output from gcc object
configure:6421: gcc -c -march=x86-64 -mtune=generic -O2 -pipe -fno-plt -D_FORTIFY_SOURCE=2 conftest.c >&5
configure:6424: $? = 0
configure:6428: /usr/sbin/nm -B conftest.o | sed -n -e 's/^.*[	 ]\([ABCDGIRSTW][ABCDGIRSTW]*\)[	 ][	 ]*\([_A-Za-z][_A-Za-z0-9]*\)$/\1 \2 \2/p' | sed '/ __gnu_lto/d' > conftest.nm
configure:6494: gcc -o conftest -march=x86-64 -mtune=generic -O2 -pipe -fno-plt -D_FORTIFY_SOURCE=2 -Wl,-O1,--sort-common,--as-needed,-z,relro,-z,now conftest.c conftstm.o >&5
configure:6497: $? = 0
configure:6535: result: ok
configure:6582: checking for sysroot
configure:6612: result: no
configure:6619: checking for a working dd
configure:6657: result: /usr/sbin/dd
configure:6661: checking how to truncate binary pipes
configure:6676: result: /usr/sbin/dd bs=4096 count=1
configure:6812: gcc -c -march=x86-64 -mtune=generic -O2 -pipe -fno-plt -D_FORTIFY_SOURCE=2 conftest.c >&5
configure:6815: $? = 0
configure:7005: checking for mt
configure:7035: result: no
configure:7055: checking if : is a manifest tool
configure:7061: : '-?'
configure:7069: result: no
configure:7746: checking how to run the C preprocessor
configure:7777: gcc -E -D_FORTIFY_SOURCE=2 conftest.c
In file included from /usr/include/bits/libc-header-start.h:33,
                 from /usr/include/limits.h:26,
                 from /usr/lib/gcc/x86_64-pc-linux-gnu/9.1.0/include-fixed/limits.h:194,
                 from /usr/lib/gcc/x86_64-pc-linux-gnu/9.1.0/include-fixed/syslimits.h:7,
                 from /usr/lib/gcc/x86_64-pc-linux-gnu/9.1.0/include-fixed/limits.h:34,
                 from conftest.c:12:
/usr/include/features.h:382:4: warning: #warning _FORTIFY_SOURCE requires compiling with optimization (-O) [-Wcpp]
  382 | #  warning _FORTIFY_SOURCE requires compiling with optimization (-O)
      |    ^~~~~~~
configure:7777: $? = 0
configure:7791: gcc -E -D_FORTIFY_SOURCE=2 conftest.c
conftest.c:11:10: fatal error: ac_nonexistent.h: No such file or directory
   11 | #include <ac_nonexistent.h>
      |          ^~~~~~~~~~~~~~~~~~
compilation terminated.
configure:7791: $? = 1
configure: failed program was:
| /* confdefs.h */
| #define PACKAGE_NAME "nbd"
| #define PACKAGE_TARNAME "nbd"
| #define PACKAGE_VERSION "3.19"
| #define PACKAGE_STRING "nbd 3.19"
| #define PACKAGE_BUGREPORT "nbd@other.debian.org"
| #define PACKAGE_URL "http://nbd.sourceforge.net/"
| #define PACKAGE "nbd"
| #define VERSION "3.19"
| /* end confdefs.h.  */
| #include <ac_nonexistent.h>
configure:7816: result: gcc -E
configure:7836: gcc -E -D_FORTIFY_SOURCE=2 conftest.c
In file included from /usr/include/bits/libc-header-start.h:33,
                 from /usr/include/limits.h:26,
                 from /usr/lib/gcc/x86_64-pc-linux-gnu/9.1.0/include-fixed/limits.h:194,
                 from /usr/lib/gcc/x86_64-pc-linux-gnu/9.1.0/include-fixed/syslimits.h:7,
                 from /usr/lib/gcc/x86_64-pc-linux-gnu/9.1.0/include-fixed/limits.h:34,
                 from conftest.c:12:
/usr/include/features.h:382:4: warning: #warning _FORTIFY_SOURCE requires compiling with optimization (-O) [-Wcpp]
  382 | #  warning _FORTIFY_SOURCE requires compiling with optimization (-O)
      |    ^~~~~~~
configure:7836: $? = 0
configure:7850: gcc -E -D_FORTIFY_SOURCE=2 conftest.c
conftest.c:11:10: fatal error: ac_nonexistent.h: No such file or directory
   11 | #include <ac_nonexistent.h>
      |          ^~~~~~~~~~~~~~~~~~
compilation terminated.
configure:7850: $? = 1
configure: failed program was:
| /* confdefs.h */
| #define PACKAGE_NAME "nbd"
| #define PACKAGE_TARNAME "nbd"
| #define PACKAGE_VERSION "3.19"
| #define PACKAGE_STRING "nbd 3.19"
| #define PACKAGE_BUGREPORT "nbd@other.debian.org"
| #define PACKAGE_URL "http://nbd.sourceforge.net/"
| #define PACKAGE "nbd"
| #define VERSION "3.19"
| /* end confdefs.h.  */
| #include <ac_nonexistent.h>
configure:7879: checking for ANSI C header files
configure:7899: gcc -c -march=x86-64 -mtune=generic -O2 -pipe -fno-plt -D_FORTIFY_SOURCE=2 conftest.c >&5
configure:7899: $? = 0
In file included from /usr/include/bits/libc-header-start.h:33,
                 from /usr/include/string.h:26,
                 from conftest.c:11:
/usr/include/features.h:382:4: warning: #warning _FORTIFY_SOURCE requires compiling with optimization (-O) [-Wcpp]
  382 | #  warning _FORTIFY_SOURCE requires compiling with optimization (-O)
      |    ^~~~~~~
In file included from /usr/include/bits/libc-header-start.h:33,
                 from /usr/include/stdlib.h:25,
                 from conftest.c:11:
/usr/include/features.h:382:4: warning: #warning _FORTIFY_SOURCE requires compiling with optimization (-O) [-Wcpp]
  382 | #  warning _FORTIFY_SOURCE requires compiling with optimization (-O)
      |    ^~~~~~~
configure:7972: gcc -o conftest -march=x86-64 -mtune=generic -O2 -pipe -fno-plt -D_FORTIFY_SOURCE=2 -Wl,-O1,--sort-common,--as-needed,-z,relro,-z,now conftest.c  >&5
configure:7972: $? = 0
configure:7972: ./conftest
configure:7972: $? = 0
configure:7983: result: yes
configure:7996: checking for sys/types.h
configure:7996: gcc -c -march=x86-64 -mtune=generic -O2 -pipe -fno-plt -D_FORTIFY_SOURCE=2 conftest.c >&5
configure:7996: $? = 0
configure:7996: result: yes
configure:7996: checking for sys/stat.h
configure:7996: gcc -c -march=x86-64 -mtune=generic -O2 -pipe -fno-plt -D_FORTIFY_SOURCE=2 conftest.c >&5
configure:7996: $? = 0
configure:7996: result: yes
configure:7996: checking for stdlib.h
configure:7996: gcc -c -march=x86-64 -mtune=generic -O2 -pipe -fno-plt -D_FORTIFY_SOURCE=2 conftest.c >&5
configure:7996: $? = 0
configure:7996: result: yes
configure:7996: checking for string.h
configure:7996: gcc -c -march=x86-64 -mtune=generic -O2 -pipe -fno-plt -D_FORTIFY_SOURCE=2 conftest.c >&5
configure:7996: $? = 0
configure:7996: result: yes
configure:7996: checking for memory.h
configure:7996: gcc -c -march=x86-64 -mtune=generic -O2 -pipe -fno-plt -D_FORTIFY_SOURCE=2 conftest.c >&5
configure:7996: $? = 0
configure:7996: result: yes
configure:7996: checking for strings.h
configure:7996: gcc -c -march=x86-64 -mtune=generic -O2 -pipe -fno-plt -D_FORTIFY_SOURCE=2 conftest.c >&5
configure:7996: $? = 0
configure:7996: result: yes
configure:7996: checking for inttypes.h
configure:7996: gcc -c -march=x86-64 -mtune=generic -O2 -pipe -fno-plt -D_FORTIFY_SOURCE=2 conftest.c >&5
configure:7996: $? = 0
configure:7996: result: yes
configure:7996: checking for stdint.h
configure:7996: gcc -c -march=x86-64 -mtune=generic -O2 -pipe -fno-plt -D_FORTIFY_SOURCE=2 conftest.c >&5
configure:7996: $? = 0
configure:7996: result: yes
configure:7996: checking for unistd.h
configure:7996: gcc -c -march=x86-64 -mtune=generic -O2 -pipe -fno-plt -D_FORTIFY_SOURCE=2 conftest.c >&5
configure:7996: $? = 0
configure:7996: result: yes
configure:8010: checking for dlfcn.h
configure:8010: gcc -c -march=x86-64 -mtune=generic -O2 -pipe -fno-plt -D_FORTIFY_SOURCE=2 conftest.c >&5
configure:8010: $? = 0
configure:8010: result: yes
configure:8266: checking for objdir
configure:8281: result: .libs
configure:8545: checking if gcc supports -fno-rtti -fno-exceptions
configure:8563: gcc -c -march=x86-64 -mtune=generic -O2 -pipe -fno-plt -D_FORTIFY_SOURCE=2 -fno-rtti -fno-exceptions conftest.c >&5
cc1: warning: command line option '-fno-rtti' is valid for C++/D/ObjC++ but not for C
configure:8567: $? = 0
configure:8580: result: no
configure:8938: checking for gcc option to produce PIC
configure:8945: result: -fPIC -DPIC
configure:8953: checking if gcc PIC flag -fPIC -DPIC works
configure:8971: gcc -c -march=x86-64 -mtune=generic -O2 -pipe -fno-plt -D_FORTIFY_SOURCE=2 -fPIC -DPIC -DPIC conftest.c >&5
configure:8975: $? = 0
configure:8988: result: yes
configure:9017: checking if gcc static flag -static works
configure:9045: result: yes
configure:9060: checking if gcc supports -c -o file.o
configure:9081: gcc -c -march=x86-64 -mtune=generic -O2 -pipe -fno-plt -D_FORTIFY_SOURCE=2 -o out/conftest2.o conftest.c >&5
configure:9085: $? = 0
configure:9107: result: yes
configure:9115: checking if gcc supports -c -o file.o
configure:9162: result: yes
configure:9195: checking whether the gcc linker (/usr/sbin/ld -m elf_x86_64) supports shared libraries
configure:10458: result: yes
configure:10495: checking whether -lc should be explicitly linked in
configure:10503: gcc -c -march=x86-64 -mtune=generic -O2 -pipe -fno-plt -D_FORTIFY_SOURCE=2 conftest.c >&5
configure:10506: $? = 0
configure:10521: gcc -shared  -fPIC -DPIC conftest.o  -v -Wl,-soname -Wl,conftest -o conftest 2\>\&1 \| /usr/sbin/grep  -lc  \>/dev/null 2\>\&1
configure:10524: $? = 0
configure:10538: result: no
configure:10698: checking dynamic linker characteristics
configure:11279: gcc -o conftest -march=x86-64 -mtune=generic -O2 -pipe -fno-plt -D_FORTIFY_SOURCE=2 -Wl,-O1,--sort-common,--as-needed,-z,relro,-z,now -Wl,-rpath -Wl,/foo conftest.c  >&5
configure:11279: $? = 0
configure:11528: result: GNU/Linux ld.so
configure:11650: checking how to hardcode library paths into programs
configure:11675: result: immediate
configure:12223: checking whether stripping libraries is possible
configure:12228: result: yes
configure:12263: checking if libtool supports shared libraries
configure:12265: result: yes
configure:12268: checking whether to build shared libraries
configure:12293: result: yes
configure:12296: checking whether to build static libraries
configure:12300: result: yes
configure:9128: checking whether Large File Support should be enabled
configure:9134: result: yes
configure:9158: checking whether syslog logging is requested
configure:9164: result: yes
configure:9186: checking whether a debugging version is requested
configure:9201: result: no
configure:9234: checking for gcc option to accept ISO C99
configure:9383: gcc  -c -march=x86-64 -mtune=generic -O2 -pipe -fno-plt -D_FORTIFY_SOURCE=2 conftest.c >&5
configure:9383: $? = 0
configure:9396: result: none needed
configure:9416: checking how to run the C preprocessor
configure:9486: result: gcc -E
configure:9506: gcc -E -D_FORTIFY_SOURCE=2 conftest.c
In file included from /usr/include/bits/libc-header-start.h:33,
                 from /usr/include/limits.h:26,
                 from /usr/lib/gcc/x86_64-pc-linux-gnu/9.1.0/include-fixed/limits.h:194,
                 from /usr/lib/gcc/x86_64-pc-linux-gnu/9.1.0/include-fixed/syslimits.h:7,
                 from /usr/lib/gcc/x86_64-pc-linux-gnu/9.1.0/include-fixed/limits.h:34,
                 from conftest.c:26:
/usr/include/features.h:382:4: warning: #warning _FORTIFY_SOURCE requires compiling with optimization (-O) [-Wcpp]
  382 | #  warning _FORTIFY_SOURCE requires compiling with optimization (-O)
      |    ^~~~~~~
configure:9506: $? = 0
configure:9520: gcc -E -D_FORTIFY_SOURCE=2 conftest.c
conftest.c:25:10: fatal error: ac_nonexistent.h: No such file or directory
   25 | #include <ac_nonexistent.h>
      |          ^~~~~~~~~~~~~~~~~~
compilation terminated.
configure:9520: $? = 1
configure: failed program was:
| /* confdefs.h */
| #define PACKAGE_NAME "nbd"
| #define PACKAGE_TARNAME "nbd"
| #define PACKAGE_VERSION "3.19"
| #define PACKAGE_STRING "nbd 3.19"
| #define PACKAGE_BUGREPORT "nbd@other.debian.org"
| #define PACKAGE_URL "http://nbd.sourceforge.net/"
| #define PACKAGE "nbd"
| #define VERSION "3.19"
| #define STDC_HEADERS 1
| #define HAVE_SYS_TYPES_H 1
| #define HAVE_SYS_STAT_H 1
| #define HAVE_STDLIB_H 1
| #define HAVE_STRING_H 1
| #define HAVE_MEMORY_H 1
| #define HAVE_STRINGS_H 1
| #define HAVE_INTTYPES_H 1
| #define HAVE_STDINT_H 1
| #define HAVE_UNISTD_H 1
| #define HAVE_DLFCN_H 1
| #define LT_OBJDIR ".libs/"
| #define NBD_LFS 1
| #define ISSERVER 1
| /* end confdefs.h.  */
| #include <ac_nonexistent.h>
configure:9603: checking for pkg-config
configure:9621: found /usr/sbin/pkg-config
configure:9633: result: /usr/sbin/pkg-config
configure:9658: checking pkg-config is at least version 0.9.0
configure:9661: result: yes
configure:9670: checking whether byte ordering is bigendian
configure:9685: gcc -c -march=x86-64 -mtune=generic -O2 -pipe -fno-plt -D_FORTIFY_SOURCE=2 conftest.c >&5
conftest.c:26:9: error: unknown type name 'not'
   26 |         not a universal capable compiler
      |         ^~~
conftest.c:26:15: error: expected '=', ',', ';', 'asm' or '__attribute__' before 'universal'
   26 |         not a universal capable compiler
      |               ^~~~~~~~~
conftest.c:26:15: error: unknown type name 'universal'
configure:9685: $? = 1
configure: failed program was:
| /* confdefs.h */
| #define PACKAGE_NAME "nbd"
| #define PACKAGE_TARNAME "nbd"
| #define PACKAGE_VERSION "3.19"
| #define PACKAGE_STRING "nbd 3.19"
| #define PACKAGE_BUGREPORT "nbd@other.debian.org"
| #define PACKAGE_URL "http://nbd.sourceforge.net/"
| #define PACKAGE "nbd"
| #define VERSION "3.19"
| #define STDC_HEADERS 1
| #define HAVE_SYS_TYPES_H 1
| #define HAVE_SYS_STAT_H 1
| #define HAVE_STDLIB_H 1
| #define HAVE_STRING_H 1
| #define HAVE_MEMORY_H 1
| #define HAVE_STRINGS_H 1
| #define HAVE_INTTYPES_H 1
| #define HAVE_STDINT_H 1
| #define HAVE_UNISTD_H 1
| #define HAVE_DLFCN_H 1
| #define LT_OBJDIR ".libs/"
| #define NBD_LFS 1
| #define ISSERVER 1
| /* end confdefs.h.  */
| #ifndef __APPLE_CC__
| 	       not a universal capable compiler
| 	     #endif
| 	     typedef int dummy;
| 
configure:9730: gcc -c -march=x86-64 -mtune=generic -O2 -pipe -fno-plt -D_FORTIFY_SOURCE=2 conftest.c >&5
configure:9730: $? = 0
configure:9748: gcc -c -march=x86-64 -mtune=generic -O2 -pipe -fno-plt -D_FORTIFY_SOURCE=2 conftest.c >&5
conftest.c: In function 'main':
conftest.c:32:4: error: unknown type name 'not'; did you mean 'ino_t'?
   32 |    not big endian
      |    ^~~
      |    ino_t
conftest.c:32:12: error: expected '=', ',', ';', 'asm' or '__attribute__' before 'endian'
   32 |    not big endian
      |            ^~~~~~
configure:9748: $? = 1
configure: failed program was:
| /* confdefs.h */
| #define PACKAGE_NAME "nbd"
| #define PACKAGE_TARNAME "nbd"
| #define PACKAGE_VERSION "3.19"
| #define PACKAGE_STRING "nbd 3.19"
| #define PACKAGE_BUGREPORT "nbd@other.debian.org"
| #define PACKAGE_URL "http://nbd.sourceforge.net/"
| #define PACKAGE "nbd"
| #define VERSION "3.19"
| #define STDC_HEADERS 1
| #define HAVE_SYS_TYPES_H 1
| #define HAVE_SYS_STAT_H 1
| #define HAVE_STDLIB_H 1
| #define HAVE_STRING_H 1
| #define HAVE_MEMORY_H 1
| #define HAVE_STRINGS_H 1
| #define HAVE_INTTYPES_H 1
| #define HAVE_STDINT_H 1
| #define HAVE_UNISTD_H 1
| #define HAVE_DLFCN_H 1
| #define LT_OBJDIR ".libs/"
| #define NBD_LFS 1
| #define ISSERVER 1
| /* end confdefs.h.  */
| #include <sys/types.h>
| 		#include <sys/param.h>
| 
| int
| main ()
| {
| #if BYTE_ORDER != BIG_ENDIAN
| 		 not big endian
| 		#endif
| 
|   ;
|   return 0;
| }
configure:9876: result: no
configure:9894: checking for inline
configure:9910: gcc -c -march=x86-64 -mtune=generic -O2 -pipe -fno-plt -D_FORTIFY_SOURCE=2 conftest.c >&5
configure:9910: $? = 0
configure:9918: result: inline
configure:9936: checking for an ANSI C-conforming const
configure:10002: gcc -c -march=x86-64 -mtune=generic -O2 -pipe -fno-plt -D_FORTIFY_SOURCE=2 conftest.c >&5
configure:10002: $? = 0
configure:10009: result: yes
configure:10021: checking size of unsigned short int
configure:10026: gcc -o conftest -march=x86-64 -mtune=generic -O2 -pipe -fno-plt -D_FORTIFY_SOURCE=2 -Wl,-O1,--sort-common,--as-needed,-z,relro,-z,now conftest.c  >&5
configure:10026: $? = 0
configure:10026: ./conftest
configure:10026: $? = 0
configure:10040: result: 2
configure:10054: checking size of unsigned int
configure:10059: gcc -o conftest -march=x86-64 -mtune=generic -O2 -pipe -fno-plt -D_FORTIFY_SOURCE=2 -Wl,-O1,--sort-common,--as-needed,-z,relro,-z,now conftest.c  >&5
configure:10059: $? = 0
configure:10059: ./conftest
configure:10059: $? = 0
configure:10073: result: 4
configure:10087: checking size of unsigned long int
configure:10092: gcc -o conftest -march=x86-64 -mtune=generic -O2 -pipe -fno-plt -D_FORTIFY_SOURCE=2 -Wl,-O1,--sort-common,--as-needed,-z,relro,-z,now conftest.c  >&5
configure:10092: $? = 0
configure:10092: ./conftest
configure:10092: $? = 0
configure:10106: result: 8
configure:10120: checking size of unsigned long long int
configure:10125: gcc -o conftest -march=x86-64 -mtune=generic -O2 -pipe -fno-plt -D_FORTIFY_SOURCE=2 -Wl,-O1,--sort-common,--as-needed,-z,relro,-z,now conftest.c  >&5
configure:10125: $? = 0
configure:10125: ./conftest
configure:10125: $? = 0
configure:10139: result: 8
configure:10152: checking for dirent.h that defines DIR
configure:10171: gcc -c -march=x86-64 -mtune=generic -O2 -pipe -fno-plt -D_FORTIFY_SOURCE=2 conftest.c >&5
configure:10171: $? = 0
configure:10179: result: yes
configure:10192: checking for library containing opendir
configure:10223: gcc -o conftest -march=x86-64 -mtune=generic -O2 -pipe -fno-plt -D_FORTIFY_SOURCE=2 -Wl,-O1,--sort-common,--as-needed,-z,relro,-z,now conftest.c  >&5
configure:10223: $? = 0
configure:10240: result: none required
configure:10309: checking for struct dirent.d_type
configure:10309: gcc -c -march=x86-64 -mtune=generic -O2 -pipe -fno-plt -D_FORTIFY_SOURCE=2 conftest.c >&5
configure:10309: $? = 0
configure:10309: result: yes
configure:10340: checking for llseek
configure:10340: gcc -o conftest -march=x86-64 -mtune=generic -O2 -pipe -fno-plt -D_FORTIFY_SOURCE=2 -Wl,-O1,--sort-common,--as-needed,-z,relro,-z,now conftest.c  >&5
/usr/sbin/ld: /tmp/ccHz1woM.o: in function `main':
conftest.c:(.text.startup+0x8): undefined reference to `llseek'
collect2: error: ld returned 1 exit status
configure:10340: $? = 1
configure: failed program was:
| /* confdefs.h */
| #define PACKAGE_NAME "nbd"
| #define PACKAGE_TARNAME "nbd"
| #define PACKAGE_VERSION "3.19"
| #define PACKAGE_STRING "nbd 3.19"
| #define PACKAGE_BUGREPORT "nbd@other.debian.org"
| #define PACKAGE_URL "http://nbd.sourceforge.net/"
| #define PACKAGE "nbd"
| #define VERSION "3.19"
| #define STDC_HEADERS 1
| #define HAVE_SYS_TYPES_H 1
| #define HAVE_SYS_STAT_H 1
| #define HAVE_STDLIB_H 1
| #define HAVE_STRING_H 1
| #define HAVE_MEMORY_H 1
| #define HAVE_STRINGS_H 1
| #define HAVE_INTTYPES_H 1
| #define HAVE_STDINT_H 1
| #define HAVE_UNISTD_H 1
| #define HAVE_DLFCN_H 1
| #define LT_OBJDIR ".libs/"
| #define NBD_LFS 1
| #define ISSERVER 1
| #define SIZEOF_UNSIGNED_SHORT_INT 2
| #define SIZEOF_UNSIGNED_INT 4
| #define SIZEOF_UNSIGNED_LONG_INT 8
| #define SIZEOF_UNSIGNED_LONG_LONG_INT 8
| #define HAVE_DIRENT_H 1
| #define HAVE_STRUCT_DIRENT_D_TYPE 1
| /* end confdefs.h.  */
| /* Define llseek to an innocuous variant, in case <limits.h> declares llseek.
|    For example, HP-UX 11i <limits.h> declares gettimeofday.  */
| #define llseek innocuous_llseek
| 
| /* System header to define __stub macros and hopefully few prototypes,
|     which can conflict with char llseek (); below.
|     Prefer <limits.h> to <assert.h> if __STDC__ is defined, since
|     <limits.h> exists even on freestanding compilers.  */
| 
| #ifdef __STDC__
| # include <limits.h>
| #else
| # include <assert.h>
| #endif
| 
| #undef llseek
| 
| /* Override any GCC internal prototype to avoid an error.
|    Use char because int might match the return type of a GCC
|    builtin and then its argument prototype would still apply.  */
| #ifdef __cplusplus
| extern "C"
| #endif
| char llseek ();
| /* The GNU C library defines this for functions which it implements
|     to always fail with ENOSYS.  Some functions are actually named
|     something starting with __ and the normal name is an alias.  */
| #if defined __stub_llseek || defined __stub___llseek
| choke me
| #endif
| 
| int
| main ()
| {
| return llseek ();
|   ;
|   return 0;
| }
configure:10340: result: no
configure:10340: checking for alarm
configure:10340: gcc -o conftest -march=x86-64 -mtune=generic -O2 -pipe -fno-plt -D_FORTIFY_SOURCE=2 -Wl,-O1,--sort-common,--as-needed,-z,relro,-z,now conftest.c  >&5
configure:10340: $? = 0
configure:10340: result: yes
configure:10340: checking for gethostbyname
configure:10340: gcc -o conftest -march=x86-64 -mtune=generic -O2 -pipe -fno-plt -D_FORTIFY_SOURCE=2 -Wl,-O1,--sort-common,--as-needed,-z,relro,-z,now conftest.c  >&5
configure:10340: $? = 0
configure:10340: result: yes
configure:10340: checking for inet_ntoa
configure:10340: gcc -o conftest -march=x86-64 -mtune=generic -O2 -pipe -fno-plt -D_FORTIFY_SOURCE=2 -Wl,-O1,--sort-common,--as-needed,-z,relro,-z,now conftest.c  >&5
configure:10340: $? = 0
configure:10340: result: yes
configure:10340: checking for memset
configure:10340: gcc -o conftest -march=x86-64 -mtune=generic -O2 -pipe -fno-plt -D_FORTIFY_SOURCE=2 -Wl,-O1,--sort-common,--as-needed,-z,relro,-z,now conftest.c  >&5
conftest.c:57:6: warning: conflicting types for built-in function 'memset'; expected 'void *(void *, int,  long unsigned int)' [-Wbuiltin-declaration-mismatch]
   57 | char memset ();
      |      ^~~~~~
conftest.c:45:1: note: 'memset' is declared in header '<string.h>'
   44 | # include <limits.h>
   45 | #else
configure:10340: $? = 0
configure:10340: result: yes
configure:10340: checking for socket
configure:10340: gcc -o conftest -march=x86-64 -mtune=generic -O2 -pipe -fno-plt -D_FORTIFY_SOURCE=2 -Wl,-O1,--sort-common,--as-needed,-z,relro,-z,now conftest.c  >&5
configure:10340: $? = 0
configure:10340: result: yes
configure:10340: checking for strerror
configure:10340: gcc -o conftest -march=x86-64 -mtune=generic -O2 -pipe -fno-plt -D_FORTIFY_SOURCE=2 -Wl,-O1,--sort-common,--as-needed,-z,relro,-z,now conftest.c  >&5
configure:10340: $? = 0
configure:10340: result: yes
configure:10340: checking for strstr
configure:10340: gcc -o conftest -march=x86-64 -mtune=generic -O2 -pipe -fno-plt -D_FORTIFY_SOURCE=2 -Wl,-O1,--sort-common,--as-needed,-z,relro,-z,now conftest.c  >&5
conftest.c:60:6: warning: conflicting types for built-in function 'strstr'; expected 'char *(const char *, const char *)' [-Wbuiltin-declaration-mismatch]
   60 | char strstr ();
      |      ^~~~~~
conftest.c:48:1: note: 'strstr' is declared in header '<string.h>'
   47 | # include <limits.h>
   48 | #else
configure:10340: $? = 0
configure:10340: result: yes
configure:10340: checking for mkstemp
configure:10340: gcc -o conftest -march=x86-64 -mtune=generic -O2 -pipe -fno-plt -D_FORTIFY_SOURCE=2 -Wl,-O1,--sort-common,--as-needed,-z,relro,-z,now conftest.c  >&5
configure:10340: $? = 0
configure:10340: result: yes
configure:10340: checking for fdatasync
configure:10340: gcc -o conftest -march=x86-64 -mtune=generic -O2 -pipe -fno-plt -D_FORTIFY_SOURCE=2 -Wl,-O1,--sort-common,--as-needed,-z,relro,-z,now conftest.c  >&5
configure:10340: $? = 0
configure:10340: result: yes
configure:10351: checking for fallocate
configure:10351: gcc -o conftest -march=x86-64 -mtune=generic -O2 -pipe -fno-plt -D_FORTIFY_SOURCE=2 -Wl,-O1,--sort-common,--as-needed,-z,relro,-z,now conftest.c  >&5
configure:10351: $? = 0
configure:10351: result: yes
configure:10356: checking linux/falloc.h usability
configure:10356: gcc -c -march=x86-64 -mtune=generic -O2 -pipe -fno-plt -D_FORTIFY_SOURCE=2 conftest.c >&5
configure:10356: $? = 0
configure:10356: result: yes
configure:10356: checking linux/falloc.h presence
configure:10356: gcc -E -D_FORTIFY_SOURCE=2 conftest.c
configure:10356: $? = 0
configure:10356: result: yes
configure:10356: checking for linux/falloc.h
configure:10356: result: yes
configure:10368: checking whether FALLOC_FL_PUNCH_HOLE is declared
configure:10368: gcc -c -march=x86-64 -mtune=generic -O2 -pipe -fno-plt -D_FORTIFY_SOURCE=2 conftest.c >&5
configure:10368: $? = 0
configure:10368: result: yes
configure:10382: checking for FALLOC_FL_PUNCH_HOLE support
configure:10389: result: yes
configure:10399: checking for splice
configure:10399: gcc -o conftest -march=x86-64 -mtune=generic -O2 -pipe -fno-plt -D_FORTIFY_SOURCE=2 -Wl,-O1,--sort-common,--as-needed,-z,relro,-z,now conftest.c  >&5
configure:10399: $? = 0
configure:10399: result: yes
configure:10409: checking whether F_SETPIPE_SZ is declared
configure:10409: gcc -c -march=x86-64 -mtune=generic -O2 -pipe -fno-plt -D_FORTIFY_SOURCE=2 conftest.c >&5
configure:10409: $? = 0
configure:10409: result: yes
configure:10446: checking for F_SETPIPE_SZ support
configure:10453: result: yes
configure:10488: checking for GnuTLS
configure:10495: $PKG_CONFIG --exists --print-errors "gnutls >= 2.12.0"
configure:10498: $? = 0
configure:10512: $PKG_CONFIG --exists --print-errors "gnutls >= 2.12.0"
configure:10515: $? = 0
configure:10567: result: yes
configure:10590: checking for winioctl.h
configure:10590: gcc -c -march=x86-64 -mtune=generic -O2 -pipe -fno-plt -D_FORTIFY_SOURCE=2 conftest.c >&5
conftest.c:44:10: fatal error: io.h: No such file or directory
   44 | #include <io.h>
      |          ^~~~~~
compilation terminated.
configure:10590: $? = 1
configure: failed program was:
| /* confdefs.h */
| #define PACKAGE_NAME "nbd"
| #define PACKAGE_TARNAME "nbd"
| #define PACKAGE_VERSION "3.19"
| #define PACKAGE_STRING "nbd 3.19"
| #define PACKAGE_BUGREPORT "nbd@other.debian.org"
| #define PACKAGE_URL "http://nbd.sourceforge.net/"
| #define PACKAGE "nbd"
| #define VERSION "3.19"
| #define STDC_HEADERS 1
| #define HAVE_SYS_TYPES_H 1
| #define HAVE_SYS_STAT_H 1
| #define HAVE_STDLIB_H 1
| #define HAVE_STRING_H 1
| #define HAVE_MEMORY_H 1
| #define HAVE_STRINGS_H 1
| #define HAVE_INTTYPES_H 1
| #define HAVE_STDINT_H 1
| #define HAVE_UNISTD_H 1
| #define HAVE_DLFCN_H 1
| #define LT_OBJDIR ".libs/"
| #define NBD_LFS 1
| #define ISSERVER 1
| #define SIZEOF_UNSIGNED_SHORT_INT 2
| #define SIZEOF_UNSIGNED_INT 4
| #define SIZEOF_UNSIGNED_LONG_INT 8
| #define SIZEOF_UNSIGNED_LONG_LONG_INT 8
| #define HAVE_DIRENT_H 1
| #define HAVE_STRUCT_DIRENT_D_TYPE 1
| #define HAVE_ALARM 1
| #define HAVE_GETHOSTBYNAME 1
| #define HAVE_INET_NTOA 1
| #define HAVE_MEMSET 1
| #define HAVE_SOCKET 1
| #define HAVE_STRERROR 1
| #define HAVE_STRSTR 1
| #define HAVE_MKSTEMP 1
| #define HAVE_FDATASYNC 1
| #define HAVE_LINUX_FALLOC_H 1
| #define HAVE_FALLOC_PH 1
| #define HAVE_SPLICE 1
| #define HAVE_GNUTLS 1
| /* end confdefs.h.  */
| #include <io.h>
| #include <windef.h>
| #include <winbase.h>
| 
| 
| #include <winioctl.h>
configure:10590: result: no
configure:10630: checking for sync_file_range
configure:10630: gcc -o conftest -march=x86-64 -mtune=generic -O2 -pipe -fno-plt -D_FORTIFY_SOURCE=2 -Wl,-O1,--sort-common,--as-needed,-z,relro,-z,now conftest.c  >&5
configure:10630: $? = 0
configure:10630: result: yes
configure:10637: checking for pid_t
configure:10637: gcc -c -march=x86-64 -mtune=generic -O2 -pipe -fno-plt -D_FORTIFY_SOURCE=2 conftest.c >&5
configure:10637: $? = 0
configure:10637: gcc -c -march=x86-64 -mtune=generic -O2 -pipe -fno-plt -D_FORTIFY_SOURCE=2 conftest.c >&5
conftest.c: In function 'main':
conftest.c:82:20: error: expected expression before ')' token
   82 | if (sizeof ((pid_t)))
      |                    ^
configure:10637: $? = 1
configure: failed program was:
| /* confdefs.h */
| #define PACKAGE_NAME "nbd"
| #define PACKAGE_TARNAME "nbd"
| #define PACKAGE_VERSION "3.19"
| #define PACKAGE_STRING "nbd 3.19"
| #define PACKAGE_BUGREPORT "nbd@other.debian.org"
| #define PACKAGE_URL "http://nbd.sourceforge.net/"
| #define PACKAGE "nbd"
| #define VERSION "3.19"
| #define STDC_HEADERS 1
| #define HAVE_SYS_TYPES_H 1
| #define HAVE_SYS_STAT_H 1
| #define HAVE_STDLIB_H 1
| #define HAVE_STRING_H 1
| #define HAVE_MEMORY_H 1
| #define HAVE_STRINGS_H 1
| #define HAVE_INTTYPES_H 1
| #define HAVE_STDINT_H 1
| #define HAVE_UNISTD_H 1
| #define HAVE_DLFCN_H 1
| #define LT_OBJDIR ".libs/"
| #define NBD_LFS 1
| #define ISSERVER 1
| #define SIZEOF_UNSIGNED_SHORT_INT 2
| #define SIZEOF_UNSIGNED_INT 4
| #define SIZEOF_UNSIGNED_LONG_INT 8
| #define SIZEOF_UNSIGNED_LONG_LONG_INT 8
| #define HAVE_DIRENT_H 1
| #define HAVE_STRUCT_DIRENT_D_TYPE 1
| #define HAVE_ALARM 1
| #define HAVE_GETHOSTBYNAME 1
| #define HAVE_INET_NTOA 1
| #define HAVE_MEMSET 1
| #define HAVE_SOCKET 1
| #define HAVE_STRERROR 1
| #define HAVE_STRSTR 1
| #define HAVE_MKSTEMP 1
| #define HAVE_FDATASYNC 1
| #define HAVE_LINUX_FALLOC_H 1
| #define HAVE_FALLOC_PH 1
| #define HAVE_SPLICE 1
| #define HAVE_GNUTLS 1
| #define HAVE_FSCTL_SET_ZERO_DATA 0
| #define HAVE_SYNC_FILE_RANGE sync_file_range(2) is not supported
| /* end confdefs.h.  */
| #include <stdio.h>
| #ifdef HAVE_SYS_TYPES_H
| # include <sys/types.h>
| #endif
| #ifdef HAVE_SYS_STAT_H
| # include <sys/stat.h>
| #endif
| #ifdef STDC_HEADERS
| # include <stdlib.h>
| # include <stddef.h>
| #else
| # ifdef HAVE_STDLIB_H
| #  include <stdlib.h>
| # endif
| #endif
| #ifdef HAVE_STRING_H
| # if !defined STDC_HEADERS && defined HAVE_MEMORY_H
| #  include <memory.h>
| # endif
| # include <string.h>
| #endif
| #ifdef HAVE_STRINGS_H
| # include <strings.h>
| #endif
| #ifdef HAVE_INTTYPES_H
| # include <inttypes.h>
| #endif
| #ifdef HAVE_STDINT_H
| # include <stdint.h>
| #endif
| #ifdef HAVE_UNISTD_H
| # include <unistd.h>
| #endif
| int
| main ()
| {
| if (sizeof ((pid_t)))
| 	    return 0;
|   ;
|   return 0;
| }
configure:10637: result: yes
configure:10650: checking vfork.h usability
configure:10650: gcc -c -march=x86-64 -mtune=generic -O2 -pipe -fno-plt -D_FORTIFY_SOURCE=2 conftest.c >&5
conftest.c:79:10: fatal error: vfork.h: No such file or directory
   79 | #include <vfork.h>
      |          ^~~~~~~~~
compilation terminated.
configure:10650: $? = 1
configure: failed program was:
| /* confdefs.h */
| #define PACKAGE_NAME "nbd"
| #define PACKAGE_TARNAME "nbd"
| #define PACKAGE_VERSION "3.19"
| #define PACKAGE_STRING "nbd 3.19"
| #define PACKAGE_BUGREPORT "nbd@other.debian.org"
| #define PACKAGE_URL "http://nbd.sourceforge.net/"
| #define PACKAGE "nbd"
| #define VERSION "3.19"
| #define STDC_HEADERS 1
| #define HAVE_SYS_TYPES_H 1
| #define HAVE_SYS_STAT_H 1
| #define HAVE_STDLIB_H 1
| #define HAVE_STRING_H 1
| #define HAVE_MEMORY_H 1
| #define HAVE_STRINGS_H 1
| #define HAVE_INTTYPES_H 1
| #define HAVE_STDINT_H 1
| #define HAVE_UNISTD_H 1
| #define HAVE_DLFCN_H 1
| #define LT_OBJDIR ".libs/"
| #define NBD_LFS 1
| #define ISSERVER 1
| #define SIZEOF_UNSIGNED_SHORT_INT 2
| #define SIZEOF_UNSIGNED_INT 4
| #define SIZEOF_UNSIGNED_LONG_INT 8
| #define SIZEOF_UNSIGNED_LONG_LONG_INT 8
| #define HAVE_DIRENT_H 1
| #define HAVE_STRUCT_DIRENT_D_TYPE 1
| #define HAVE_ALARM 1
| #define HAVE_GETHOSTBYNAME 1
| #define HAVE_INET_NTOA 1
| #define HAVE_MEMSET 1
| #define HAVE_SOCKET 1
| #define HAVE_STRERROR 1
| #define HAVE_STRSTR 1
| #define HAVE_MKSTEMP 1
| #define HAVE_FDATASYNC 1
| #define HAVE_LINUX_FALLOC_H 1
| #define HAVE_FALLOC_PH 1
| #define HAVE_SPLICE 1
| #define HAVE_GNUTLS 1
| #define HAVE_FSCTL_SET_ZERO_DATA 0
| #define HAVE_SYNC_FILE_RANGE sync_file_range(2) is not supported
| /* end confdefs.h.  */
| #include <stdio.h>
| #ifdef HAVE_SYS_TYPES_H
| # include <sys/types.h>
| #endif
| #ifdef HAVE_SYS_STAT_H
| # include <sys/stat.h>
| #endif
| #ifdef STDC_HEADERS
| # include <stdlib.h>
| # include <stddef.h>
| #else
| # ifdef HAVE_STDLIB_H
| #  include <stdlib.h>
| # endif
| #endif
| #ifdef HAVE_STRING_H
| # if !defined STDC_HEADERS && defined HAVE_MEMORY_H
| #  include <memory.h>
| # endif
| # include <string.h>
| #endif
| #ifdef HAVE_STRINGS_H
| # include <strings.h>
| #endif
| #ifdef HAVE_INTTYPES_H
| # include <inttypes.h>
| #endif
| #ifdef HAVE_STDINT_H
| # include <stdint.h>
| #endif
| #ifdef HAVE_UNISTD_H
| # include <unistd.h>
| #endif
| #include <vfork.h>
configure:10650: result: no
configure:10650: checking vfork.h presence
configure:10650: gcc -E -D_FORTIFY_SOURCE=2 conftest.c
conftest.c:46:10: fatal error: vfork.h: No such file or directory
   46 | #include <vfork.h>
      |          ^~~~~~~~~
compilation terminated.
configure:10650: $? = 1
configure: failed program was:
| /* confdefs.h */
| #define PACKAGE_NAME "nbd"
| #define PACKAGE_TARNAME "nbd"
| #define PACKAGE_VERSION "3.19"
| #define PACKAGE_STRING "nbd 3.19"
| #define PACKAGE_BUGREPORT "nbd@other.debian.org"
| #define PACKAGE_URL "http://nbd.sourceforge.net/"
| #define PACKAGE "nbd"
| #define VERSION "3.19"
| #define STDC_HEADERS 1
| #define HAVE_SYS_TYPES_H 1
| #define HAVE_SYS_STAT_H 1
| #define HAVE_STDLIB_H 1
| #define HAVE_STRING_H 1
| #define HAVE_MEMORY_H 1
| #define HAVE_STRINGS_H 1
| #define HAVE_INTTYPES_H 1
| #define HAVE_STDINT_H 1
| #define HAVE_UNISTD_H 1
| #define HAVE_DLFCN_H 1
| #define LT_OBJDIR ".libs/"
| #define NBD_LFS 1
| #define ISSERVER 1
| #define SIZEOF_UNSIGNED_SHORT_INT 2
| #define SIZEOF_UNSIGNED_INT 4
| #define SIZEOF_UNSIGNED_LONG_INT 8
| #define SIZEOF_UNSIGNED_LONG_LONG_INT 8
| #define HAVE_DIRENT_H 1
| #define HAVE_STRUCT_DIRENT_D_TYPE 1
| #define HAVE_ALARM 1
| #define HAVE_GETHOSTBYNAME 1
| #define HAVE_INET_NTOA 1
| #define HAVE_MEMSET 1
| #define HAVE_SOCKET 1
| #define HAVE_STRERROR 1
| #define HAVE_STRSTR 1
| #define HAVE_MKSTEMP 1
| #define HAVE_FDATASYNC 1
| #define HAVE_LINUX_FALLOC_H 1
| #define HAVE_FALLOC_PH 1
| #define HAVE_SPLICE 1
| #define HAVE_GNUTLS 1
| #define HAVE_FSCTL_SET_ZERO_DATA 0
| #define HAVE_SYNC_FILE_RANGE sync_file_range(2) is not supported
| /* end confdefs.h.  */
| #include <vfork.h>
configure:10650: result: no
configure:10650: checking for vfork.h
configure:10650: result: no
configure:10663: checking for fork
configure:10663: gcc -o conftest -march=x86-64 -mtune=generic -O2 -pipe -fno-plt -D_FORTIFY_SOURCE=2 -Wl,-O1,--sort-common,--as-needed,-z,relro,-z,now conftest.c  >&5
conftest.c:69:6: warning: conflicting types for built-in function 'fork'; expected 'int(void)' [-Wbuiltin-declaration-mismatch]
   69 | char fork ();
      |      ^~~~
configure:10663: $? = 0
configure:10663: result: yes
configure:10663: checking for vfork
configure:10663: gcc -o conftest -march=x86-64 -mtune=generic -O2 -pipe -fno-plt -D_FORTIFY_SOURCE=2 -Wl,-O1,--sort-common,--as-needed,-z,relro,-z,now conftest.c  >&5
configure:10663: $? = 0
configure:10663: result: yes
configure:10673: checking for working fork
configure:10695: gcc -o conftest -march=x86-64 -mtune=generic -O2 -pipe -fno-plt -D_FORTIFY_SOURCE=2 -Wl,-O1,--sort-common,--as-needed,-z,relro,-z,now conftest.c  >&5
configure:10695: $? = 0
configure:10695: ./conftest
configure:10695: $? = 0
configure:10705: result: yes
configure:10726: checking for working vfork
configure:10836: result: yes
configure:10868: checking whether client should be built
configure:10872: result: yes
configure:10879: checking whether to expect tlshuge test to fail
configure:10886: result: no
configure:10899: checking for library containing bind
configure:10930: gcc -o conftest -march=x86-64 -mtune=generic -O2 -pipe -fno-plt -D_FORTIFY_SOURCE=2 -Wl,-O1,--sort-common,--as-needed,-z,relro,-z,now conftest.c  >&5
configure:10930: $? = 0
configure:10947: result: none required
configure:10957: checking for library containing inet_ntoa
configure:10988: gcc -o conftest -march=x86-64 -mtune=generic -O2 -pipe -fno-plt -D_FORTIFY_SOURCE=2 -Wl,-O1,--sort-common,--as-needed,-z,relro,-z,now conftest.c  >&5
configure:10988: $? = 0
configure:11005: result: none required
configure:11015: checking for library containing daemon
configure:11046: gcc -o conftest -march=x86-64 -mtune=generic -O2 -pipe -fno-plt -D_FORTIFY_SOURCE=2 -Wl,-O1,--sort-common,--as-needed,-z,relro,-z,now conftest.c  >&5
configure:11046: $? = 0
configure:11063: result: none required
configure:11075: checking for sys/mount.h
configure:11075: gcc -c -march=x86-64 -mtune=generic -O2 -pipe -fno-plt -D_FORTIFY_SOURCE=2 conftest.c >&5
configure:11075: $? = 0
configure:11075: result: yes
configure:11090: checking arpa/inet.h usability
configure:11090: gcc -c -march=x86-64 -mtune=generic -O2 -pipe -fno-plt -D_FORTIFY_SOURCE=2 conftest.c >&5
configure:11090: $? = 0
configure:11090: result: yes
configure:11090: checking arpa/inet.h presence
configure:11090: gcc -E -D_FORTIFY_SOURCE=2 conftest.c
In file included from /usr/include/arpa/inet.h:21,
                 from conftest.c:51:
/usr/include/features.h:382:4: warning: #warning _FORTIFY_SOURCE requires compiling with optimization (-O) [-Wcpp]
  382 | #  warning _FORTIFY_SOURCE requires compiling with optimization (-O)
      |    ^~~~~~~
configure:11090: $? = 0
configure:11090: result: yes
configure:11090: checking for arpa/inet.h
configure:11090: result: yes
configure:11090: checking fcntl.h usability
configure:11090: gcc -c -march=x86-64 -mtune=generic -O2 -pipe -fno-plt -D_FORTIFY_SOURCE=2 conftest.c >&5
configure:11090: $? = 0
configure:11090: result: yes
configure:11090: checking fcntl.h presence
configure:11090: gcc -E -D_FORTIFY_SOURCE=2 conftest.c
In file included from /usr/include/fcntl.h:25,
                 from conftest.c:52:
/usr/include/features.h:382:4: warning: #warning _FORTIFY_SOURCE requires compiling with optimization (-O) [-Wcpp]
  382 | #  warning _FORTIFY_SOURCE requires compiling with optimization (-O)
      |    ^~~~~~~
configure:11090: $? = 0
configure:11090: result: yes
configure:11090: checking for fcntl.h
configure:11090: result: yes
configure:11090: checking netdb.h usability
configure:11090: gcc -c -march=x86-64 -mtune=generic -O2 -pipe -fno-plt -D_FORTIFY_SOURCE=2 conftest.c >&5
configure:11090: $? = 0
configure:11090: result: yes
configure:11090: checking netdb.h presence
configure:11090: gcc -E -D_FORTIFY_SOURCE=2 conftest.c
In file included from /usr/include/netdb.h:25,
                 from conftest.c:53:
/usr/include/features.h:382:4: warning: #warning _FORTIFY_SOURCE requires compiling with optimization (-O) [-Wcpp]
  382 | #  warning _FORTIFY_SOURCE requires compiling with optimization (-O)
      |    ^~~~~~~
configure:11090: $? = 0
configure:11090: result: yes
configure:11090: checking for netdb.h
configure:11090: result: yes
configure:11090: checking netinet/in.h usability
configure:11090: gcc -c -march=x86-64 -mtune=generic -O2 -pipe -fno-plt -D_FORTIFY_SOURCE=2 conftest.c >&5
configure:11090: $? = 0
configure:11090: result: yes
configure:11090: checking netinet/in.h presence
configure:11090: gcc -E -D_FORTIFY_SOURCE=2 conftest.c
In file included from /usr/include/netinet/in.h:21,
                 from conftest.c:54:
/usr/include/features.h:382:4: warning: #warning _FORTIFY_SOURCE requires compiling with optimization (-O) [-Wcpp]
  382 | #  warning _FORTIFY_SOURCE requires compiling with optimization (-O)
      |    ^~~~~~~
configure:11090: $? = 0
configure:11090: result: yes
configure:11090: checking for netinet/in.h
configure:11090: result: yes
configure:11090: checking sys/ioctl.h usability
configure:11090: gcc -c -march=x86-64 -mtune=generic -O2 -pipe -fno-plt -D_FORTIFY_SOURCE=2 conftest.c >&5
configure:11090: $? = 0
configure:11090: result: yes
configure:11090: checking sys/ioctl.h presence
configure:11090: gcc -E -D_FORTIFY_SOURCE=2 conftest.c
In file included from /usr/include/sys/ioctl.h:21,
                 from conftest.c:55:
/usr/include/features.h:382:4: warning: #warning _FORTIFY_SOURCE requires compiling with optimization (-O) [-Wcpp]
  382 | #  warning _FORTIFY_SOURCE requires compiling with optimization (-O)
      |    ^~~~~~~
configure:11090: $? = 0
configure:11090: result: yes
configure:11090: checking for sys/ioctl.h
configure:11090: result: yes
configure:11090: checking sys/socket.h usability
configure:11090: gcc -c -march=x86-64 -mtune=generic -O2 -pipe -fno-plt -D_FORTIFY_SOURCE=2 conftest.c >&5
configure:11090: $? = 0
configure:11090: result: yes
configure:11090: checking sys/socket.h presence
configure:11090: gcc -E -D_FORTIFY_SOURCE=2 conftest.c
In file included from /usr/include/sys/socket.h:22,
                 from conftest.c:56:
/usr/include/features.h:382:4: warning: #warning _FORTIFY_SOURCE requires compiling with optimization (-O) [-Wcpp]
  382 | #  warning _FORTIFY_SOURCE requires compiling with optimization (-O)
      |    ^~~~~~~
configure:11090: $? = 0
configure:11090: result: yes
configure:11090: checking for sys/socket.h
configure:11090: result: yes
configure:11090: checking syslog.h usability
configure:11090: gcc -c -march=x86-64 -mtune=generic -O2 -pipe -fno-plt -D_FORTIFY_SOURCE=2 conftest.c >&5
configure:11090: $? = 0
configure:11090: result: yes
configure:11090: checking syslog.h presence
configure:11090: gcc -E -D_FORTIFY_SOURCE=2 conftest.c
In file included from /usr/include/sys/syslog.h:35,
                 from /usr/include/syslog.h:1,
                 from conftest.c:57:
/usr/include/features.h:382:4: warning: #warning _FORTIFY_SOURCE requires compiling with optimization (-O) [-Wcpp]
  382 | #  warning _FORTIFY_SOURCE requires compiling with optimization (-O)
      |    ^~~~~~~
configure:11090: $? = 0
configure:11090: result: yes
configure:11090: checking for syslog.h
configure:11090: result: yes
configure:11090: checking linux/types.h usability
configure:11090: gcc -c -march=x86-64 -mtune=generic -O2 -pipe -fno-plt -D_FORTIFY_SOURCE=2 conftest.c >&5
configure:11090: $? = 0
configure:11090: result: yes
configure:11090: checking linux/types.h presence
configure:11090: gcc -E -D_FORTIFY_SOURCE=2 conftest.c
configure:11090: $? = 0
configure:11090: result: yes
configure:11090: checking for linux/types.h
configure:11090: result: yes
configure:11090: checking sys/dirent.h usability
configure:11090: gcc -c -march=x86-64 -mtune=generic -O2 -pipe -fno-plt -D_FORTIFY_SOURCE=2 conftest.c >&5
conftest.c:92:10: fatal error: sys/dirent.h: No such file or directory
   92 | #include <sys/dirent.h>
      |          ^~~~~~~~~~~~~~
compilation terminated.
configure:11090: $? = 1
configure: failed program was:
| /* confdefs.h */
| #define PACKAGE_NAME "nbd"
| #define PACKAGE_TARNAME "nbd"
| #define PACKAGE_VERSION "3.19"
| #define PACKAGE_STRING "nbd 3.19"
| #define PACKAGE_BUGREPORT "nbd@other.debian.org"
| #define PACKAGE_URL "http://nbd.sourceforge.net/"
| #define PACKAGE "nbd"
| #define VERSION "3.19"
| #define STDC_HEADERS 1
| #define HAVE_SYS_TYPES_H 1
| #define HAVE_SYS_STAT_H 1
| #define HAVE_STDLIB_H 1
| #define HAVE_STRING_H 1
| #define HAVE_MEMORY_H 1
| #define HAVE_STRINGS_H 1
| #define HAVE_INTTYPES_H 1
| #define HAVE_STDINT_H 1
| #define HAVE_UNISTD_H 1
| #define HAVE_DLFCN_H 1
| #define LT_OBJDIR ".libs/"
| #define NBD_LFS 1
| #define ISSERVER 1
| #define SIZEOF_UNSIGNED_SHORT_INT 2
| #define SIZEOF_UNSIGNED_INT 4
| #define SIZEOF_UNSIGNED_LONG_INT 8
| #define SIZEOF_UNSIGNED_LONG_LONG_INT 8
| #define HAVE_DIRENT_H 1
| #define HAVE_STRUCT_DIRENT_D_TYPE 1
| #define HAVE_ALARM 1
| #define HAVE_GETHOSTBYNAME 1
| #define HAVE_INET_NTOA 1
| #define HAVE_MEMSET 1
| #define HAVE_SOCKET 1
| #define HAVE_STRERROR 1
| #define HAVE_STRSTR 1
| #define HAVE_MKSTEMP 1
| #define HAVE_FDATASYNC 1
| #define HAVE_LINUX_FALLOC_H 1
| #define HAVE_FALLOC_PH 1
| #define HAVE_SPLICE 1
| #define HAVE_GNUTLS 1
| #define HAVE_FSCTL_SET_ZERO_DATA 0
| #define HAVE_SYNC_FILE_RANGE sync_file_range(2) is not supported
| #define HAVE_FORK 1
| #define HAVE_VFORK 1
| #define HAVE_WORKING_VFORK 1
| #define HAVE_WORKING_FORK 1
| #define HAVE_SYS_MOUNT_H 1
| #define HAVE_ARPA_INET_H 1
| #define HAVE_FCNTL_H 1
| #define HAVE_NETDB_H 1
| #define HAVE_NETINET_IN_H 1
| #define HAVE_SYS_IOCTL_H 1
| #define HAVE_SYS_SOCKET_H 1
| #define HAVE_SYSLOG_H 1
| #define HAVE_LINUX_TYPES_H 1
| /* end confdefs.h.  */
| #include <stdio.h>
| #ifdef HAVE_SYS_TYPES_H
| # include <sys/types.h>
| #endif
| #ifdef HAVE_SYS_STAT_H
| # include <sys/stat.h>
| #endif
| #ifdef STDC_HEADERS
| # include <stdlib.h>
| # include <stddef.h>
| #else
| # ifdef HAVE_STDLIB_H
| #  include <stdlib.h>
| # endif
| #endif
| #ifdef HAVE_STRING_H
| # if !defined STDC_HEADERS && defined HAVE_MEMORY_H
| #  include <memory.h>
| # endif
| # include <string.h>
| #endif
| #ifdef HAVE_STRINGS_H
| # include <strings.h>
| #endif
| #ifdef HAVE_INTTYPES_H
| # include <inttypes.h>
| #endif
| #ifdef HAVE_STDINT_H
| # include <stdint.h>
| #endif
| #ifdef HAVE_UNISTD_H
| # include <unistd.h>
| #endif
| #include <sys/dirent.h>
configure:11090: result: no
configure:11090: checking sys/dirent.h presence
configure:11090: gcc -E -D_FORTIFY_SOURCE=2 conftest.c
conftest.c:59:10: fatal error: sys/dirent.h: No such file or directory
   59 | #include <sys/dirent.h>
      |          ^~~~~~~~~~~~~~
compilation terminated.
configure:11090: $? = 1
configure: failed program was:
| /* confdefs.h */
| #define PACKAGE_NAME "nbd"
| #define PACKAGE_TARNAME "nbd"
| #define PACKAGE_VERSION "3.19"
| #define PACKAGE_STRING "nbd 3.19"
| #define PACKAGE_BUGREPORT "nbd@other.debian.org"
| #define PACKAGE_URL "http://nbd.sourceforge.net/"
| #define PACKAGE "nbd"
| #define VERSION "3.19"
| #define STDC_HEADERS 1
| #define HAVE_SYS_TYPES_H 1
| #define HAVE_SYS_STAT_H 1
| #define HAVE_STDLIB_H 1
| #define HAVE_STRING_H 1
| #define HAVE_MEMORY_H 1
| #define HAVE_STRINGS_H 1
| #define HAVE_INTTYPES_H 1
| #define HAVE_STDINT_H 1
| #define HAVE_UNISTD_H 1
| #define HAVE_DLFCN_H 1
| #define LT_OBJDIR ".libs/"
| #define NBD_LFS 1
| #define ISSERVER 1
| #define SIZEOF_UNSIGNED_SHORT_INT 2
| #define SIZEOF_UNSIGNED_INT 4
| #define SIZEOF_UNSIGNED_LONG_INT 8
| #define SIZEOF_UNSIGNED_LONG_LONG_INT 8
| #define HAVE_DIRENT_H 1
| #define HAVE_STRUCT_DIRENT_D_TYPE 1
| #define HAVE_ALARM 1
| #define HAVE_GETHOSTBYNAME 1
| #define HAVE_INET_NTOA 1
| #define HAVE_MEMSET 1
| #define HAVE_SOCKET 1
| #define HAVE_STRERROR 1
| #define HAVE_STRSTR 1
| #define HAVE_MKSTEMP 1
| #define HAVE_FDATASYNC 1
| #define HAVE_LINUX_FALLOC_H 1
| #define HAVE_FALLOC_PH 1
| #define HAVE_SPLICE 1
| #define HAVE_GNUTLS 1
| #define HAVE_FSCTL_SET_ZERO_DATA 0
| #define HAVE_SYNC_FILE_RANGE sync_file_range(2) is not supported
| #define HAVE_FORK 1
| #define HAVE_VFORK 1
| #define HAVE_WORKING_VFORK 1
| #define HAVE_WORKING_FORK 1
| #define HAVE_SYS_MOUNT_H 1
| #define HAVE_ARPA_INET_H 1
| #define HAVE_FCNTL_H 1
| #define HAVE_NETDB_H 1
| #define HAVE_NETINET_IN_H 1
| #define HAVE_SYS_IOCTL_H 1
| #define HAVE_SYS_SOCKET_H 1
| #define HAVE_SYSLOG_H 1
| #define HAVE_LINUX_TYPES_H 1
| /* end confdefs.h.  */
| #include <sys/dirent.h>
configure:11090: result: no
configure:11090: checking for sys/dirent.h
configure:11090: result: no
configure:11090: checking sys/uio.h usability
configure:11090: gcc -c -march=x86-64 -mtune=generic -O2 -pipe -fno-plt -D_FORTIFY_SOURCE=2 conftest.c >&5
configure:11090: $? = 0
configure:11090: result: yes
configure:11090: checking sys/uio.h presence
configure:11090: gcc -E -D_FORTIFY_SOURCE=2 conftest.c
In file included from /usr/include/sys/uio.h:21,
                 from conftest.c:59:
/usr/include/features.h:382:4: warning: #warning _FORTIFY_SOURCE requires compiling with optimization (-O) [-Wcpp]
  382 | #  warning _FORTIFY_SOURCE requires compiling with optimization (-O)
      |    ^~~~~~~
configure:11090: $? = 0
configure:11090: result: yes
configure:11090: checking for sys/uio.h
configure:11090: result: yes
configure:11102: checking for GLIB
configure:11109: $PKG_CONFIG --exists --print-errors "glib-2.0 >= 2.26.0 gthread-2.0 >= 2.26.0"
configure:11112: $? = 0
configure:11126: $PKG_CONFIG --exists --print-errors "glib-2.0 >= 2.26.0 gthread-2.0 >= 2.26.0"
configure:11129: $? = 0
configure:11167: result: yes
configure:11174: checking if we are using an old glib 2.0 library
configure:11187: gcc -c -Wdeprecated-declarations -Werror -I/usr/include/glib-2.0 -I/usr/lib/glib-2.0/include -pthread  -D_FORTIFY_SOURCE=2 conftest.c >&5
In file included from /usr/include/bits/libc-header-start.h:33,
                 from /usr/include/limits.h:26,
                 from /usr/lib/gcc/x86_64-pc-linux-gnu/9.1.0/include-fixed/limits.h:194,
                 from /usr/lib/gcc/x86_64-pc-linux-gnu/9.1.0/include-fixed/syslimits.h:7,
                 from /usr/lib/gcc/x86_64-pc-linux-gnu/9.1.0/include-fixed/limits.h:34,
                 from /usr/lib/glib-2.0/include/glibconfig.h:11,
                 from /usr/include/glib-2.0/glib/gtypes.h:32,
                 from /usr/include/glib-2.0/glib/galloca.h:32,
                 from /usr/include/glib-2.0/glib.h:30,
                 from conftest.c:60:
/usr/include/features.h:382:4: error: #warning _FORTIFY_SOURCE requires compiling with optimization (-O) [-Werror=cpp]
  382 | #  warning _FORTIFY_SOURCE requires compiling with optimization (-O)
      |    ^~~~~~~
conftest.c: In function 'main':
conftest.c:64:1: error: 'g_thread_init' is deprecated [-Werror=deprecated-declarations]
   64 | g_thread_init(NULL);
      | ^~~~~~~~~~~~~
In file included from /usr/include/glib-2.0/glib.h:111,
                 from conftest.c:60:
/usr/include/glib-2.0/glib/deprecated/gthread.h:265:10: note: declared here
  265 | void     g_thread_init                   (gpointer vtable);
      |          ^~~~~~~~~~~~~
cc1: all warnings being treated as errors
configure:11187: $? = 1
configure: failed program was:
| /* confdefs.h */
| #define PACKAGE_NAME "nbd"
| #define PACKAGE_TARNAME "nbd"
| #define PACKAGE_VERSION "3.19"
| #define PACKAGE_STRING "nbd 3.19"
| #define PACKAGE_BUGREPORT "nbd@other.debian.org"
| #define PACKAGE_URL "http://nbd.sourceforge.net/"
| #define PACKAGE "nbd"
| #define VERSION "3.19"
| #define STDC_HEADERS 1
| #define HAVE_SYS_TYPES_H 1
| #define HAVE_SYS_STAT_H 1
| #define HAVE_STDLIB_H 1
| #define HAVE_STRING_H 1
| #define HAVE_MEMORY_H 1
| #define HAVE_STRINGS_H 1
| #define HAVE_INTTYPES_H 1
| #define HAVE_STDINT_H 1
| #define HAVE_UNISTD_H 1
| #define HAVE_DLFCN_H 1
| #define LT_OBJDIR ".libs/"
| #define NBD_LFS 1
| #define ISSERVER 1
| #define SIZEOF_UNSIGNED_SHORT_INT 2
| #define SIZEOF_UNSIGNED_INT 4
| #define SIZEOF_UNSIGNED_LONG_INT 8
| #define SIZEOF_UNSIGNED_LONG_LONG_INT 8
| #define HAVE_DIRENT_H 1
| #define HAVE_STRUCT_DIRENT_D_TYPE 1
| #define HAVE_ALARM 1
| #define HAVE_GETHOSTBYNAME 1
| #define HAVE_INET_NTOA 1
| #define HAVE_MEMSET 1
| #define HAVE_SOCKET 1
| #define HAVE_STRERROR 1
| #define HAVE_STRSTR 1
| #define HAVE_MKSTEMP 1
| #define HAVE_FDATASYNC 1
| #define HAVE_LINUX_FALLOC_H 1
| #define HAVE_FALLOC_PH 1
| #define HAVE_SPLICE 1
| #define HAVE_GNUTLS 1
| #define HAVE_FSCTL_SET_ZERO_DATA 0
| #define HAVE_SYNC_FILE_RANGE sync_file_range(2) is not supported
| #define HAVE_FORK 1
| #define HAVE_VFORK 1
| #define HAVE_WORKING_VFORK 1
| #define HAVE_WORKING_FORK 1
| #define HAVE_SYS_MOUNT_H 1
| #define HAVE_ARPA_INET_H 1
| #define HAVE_FCNTL_H 1
| #define HAVE_NETDB_H 1
| #define HAVE_NETINET_IN_H 1
| #define HAVE_SYS_IOCTL_H 1
| #define HAVE_SYS_SOCKET_H 1
| #define HAVE_SYSLOG_H 1
| #define HAVE_LINUX_TYPES_H 1
| #define HAVE_SYS_UIO_H 1
| /* end confdefs.h.  */
| #include <glib.h>
| int
| main ()
| {
| g_thread_init(NULL);
|   ;
|   return 0;
| }
configure:11197: result: no
configure:11208: checking whether _BSD_SOURCE needs to be defined for DT_* macros
configure:11223: gcc -E -D_FORTIFY_SOURCE=2 conftest.c
In file included from /usr/include/dirent.h:25,
                 from conftest.c:61:
/usr/include/features.h:382:4: warning: #warning _FORTIFY_SOURCE requires compiling with optimization (-O) [-Wcpp]
  382 | #  warning _FORTIFY_SOURCE requires compiling with optimization (-O)
      |    ^~~~~~~
configure:11223: $? = 0
configure:11224: result: no
configure:11247: checking for LIBNL3
configure:11254: $PKG_CONFIG --exists --print-errors "libnl-genl-3.0 >= 3.1"
configure:11257: $? = 0
configure:11271: $PKG_CONFIG --exists --print-errors "libnl-genl-3.0 >= 3.1"
configure:11274: $? = 0
configure:11326: result: yes
configure:11368: checking for sys/wait.h that is POSIX.1 compatible
configure:11394: gcc -c -march=x86-64 -mtune=generic -O2 -pipe -fno-plt -I/usr/include/libnl3  -D_FORTIFY_SOURCE=2 conftest.c >&5
configure:11394: $? = 0
configure:11401: result: yes
configure:11409: checking for off_t
configure:11409: gcc -c -march=x86-64 -mtune=generic -O2 -pipe -fno-plt -I/usr/include/libnl3  -D_FORTIFY_SOURCE=2 conftest.c >&5
configure:11409: $? = 0
configure:11409: gcc -c -march=x86-64 -mtune=generic -O2 -pipe -fno-plt -I/usr/include/libnl3  -D_FORTIFY_SOURCE=2 conftest.c >&5
conftest.c: In function 'main':
conftest.c:100:20: error: expected expression before ')' token
  100 | if (sizeof ((off_t)))
      |                    ^
configure:11409: $? = 1
configure: failed program was:
| /* confdefs.h */
| #define PACKAGE_NAME "nbd"
| #define PACKAGE_TARNAME "nbd"
| #define PACKAGE_VERSION "3.19"
| #define PACKAGE_STRING "nbd 3.19"
| #define PACKAGE_BUGREPORT "nbd@other.debian.org"
| #define PACKAGE_URL "http://nbd.sourceforge.net/"
| #define PACKAGE "nbd"
| #define VERSION "3.19"
| #define STDC_HEADERS 1
| #define HAVE_SYS_TYPES_H 1
| #define HAVE_SYS_STAT_H 1
| #define HAVE_STDLIB_H 1
| #define HAVE_STRING_H 1
| #define HAVE_MEMORY_H 1
| #define HAVE_STRINGS_H 1
| #define HAVE_INTTYPES_H 1
| #define HAVE_STDINT_H 1
| #define HAVE_UNISTD_H 1
| #define HAVE_DLFCN_H 1
| #define LT_OBJDIR ".libs/"
| #define NBD_LFS 1
| #define ISSERVER 1
| #define SIZEOF_UNSIGNED_SHORT_INT 2
| #define SIZEOF_UNSIGNED_INT 4
| #define SIZEOF_UNSIGNED_LONG_INT 8
| #define SIZEOF_UNSIGNED_LONG_LONG_INT 8
| #define HAVE_DIRENT_H 1
| #define HAVE_STRUCT_DIRENT_D_TYPE 1
| #define HAVE_ALARM 1
| #define HAVE_GETHOSTBYNAME 1
| #define HAVE_INET_NTOA 1
| #define HAVE_MEMSET 1
| #define HAVE_SOCKET 1
| #define HAVE_STRERROR 1
| #define HAVE_STRSTR 1
| #define HAVE_MKSTEMP 1
| #define HAVE_FDATASYNC 1
| #define HAVE_LINUX_FALLOC_H 1
| #define HAVE_FALLOC_PH 1
| #define HAVE_SPLICE 1
| #define HAVE_GNUTLS 1
| #define HAVE_FSCTL_SET_ZERO_DATA 0
| #define HAVE_SYNC_FILE_RANGE sync_file_range(2) is not supported
| #define HAVE_FORK 1
| #define HAVE_VFORK 1
| #define HAVE_WORKING_VFORK 1
| #define HAVE_WORKING_FORK 1
| #define HAVE_SYS_MOUNT_H 1
| #define HAVE_ARPA_INET_H 1
| #define HAVE_FCNTL_H 1
| #define HAVE_NETDB_H 1
| #define HAVE_NETINET_IN_H 1
| #define HAVE_SYS_IOCTL_H 1
| #define HAVE_SYS_SOCKET_H 1
| #define HAVE_SYSLOG_H 1
| #define HAVE_LINUX_TYPES_H 1
| #define HAVE_SYS_UIO_H 1
| #define HAVE_OLD_GLIB 0
| #define NEED_BSD_SOURCE $NEED_BSD_SOURCE
| #define HAVE_NETLINK 1
| #define HAVE_SYS_WAIT_H 1
| /* end confdefs.h.  */
| #include <stdio.h>
| #ifdef HAVE_SYS_TYPES_H
| # include <sys/types.h>
| #endif
| #ifdef HAVE_SYS_STAT_H
| # include <sys/stat.h>
| #endif
| #ifdef STDC_HEADERS
| # include <stdlib.h>
| # include <stddef.h>
| #else
| # ifdef HAVE_STDLIB_H
| #  include <stdlib.h>
| # endif
| #endif
| #ifdef HAVE_STRING_H
| # if !defined STDC_HEADERS && defined HAVE_MEMORY_H
| #  include <memory.h>
| # endif
| # include <string.h>
| #endif
| #ifdef HAVE_STRINGS_H
| # include <strings.h>
| #endif
| #ifdef HAVE_INTTYPES_H
| # include <inttypes.h>
| #endif
| #ifdef HAVE_STDINT_H
| # include <stdint.h>
| #endif
| #ifdef HAVE_UNISTD_H
| # include <unistd.h>
| #endif
| int
| main ()
| {
| if (sizeof ((off_t)))
| 	    return 0;
|   ;
|   return 0;
| }
configure:11409: result: yes
configure:11420: checking for pid_t
configure:11420: result: yes
configure:11548: checking that generated files are newer than configure
configure:11554: result: done
configure:11598: creating ./config.status

## ---------------------- ##
## Running config.status. ##
## ---------------------- ##

This file was extended by nbd config.status 3.19, which was
generated by GNU Autoconf 2.69.  Invocation command line was

  CONFIG_FILES    = 
  CONFIG_HEADERS  = 
  CONFIG_LINKS    = 
  CONFIG_COMMANDS = 
  $ ./config.status 

on a02cad90f392

config.status:1167: creating Makefile
config.status:1167: creating doc/Doxyfile
config.status:1167: creating doc/Makefile
config.status:1167: creating man/Makefile
config.status:1167: creating gznbd/Makefile
config.status:1167: creating tests/Makefile
config.status:1167: creating tests/code/Makefile
config.status:1167: creating tests/run/Makefile
config.status:1167: creating man/nbd-client.8.sh
config.status:1167: creating man/nbd-server.5.sh
config.status:1167: creating man/nbd-server.1.sh
config.status:1167: creating man/nbd-trdump.1.sh
config.status:1167: creating man/nbdtab.5.sh
config.status:1167: creating systemd/Makefile
config.status:1167: creating systemd/nbd@.service.sh
config.status:1167: creating config.h
config.status:1408: linking buffer.c to tests/run/buffer.c
config.status:1408: linking crypto-gnutls.c to tests/run/crypto-gnutls.c
config.status:1408: linking cliserv.c to tests/run/cliserv.c
config.status:1427: executing depfiles commands
config.status:1504: cd .       && sed -e '/# am--include-marker/d' Makefile         | make -f - am--depfiles
config.status:1509: $? = 0
config.status:1504: cd gznbd       && sed -e '/# am--include-marker/d' Makefile         | make -f - am--depfiles
config.status:1509: $? = 0
config.status:1504: cd tests/code       && sed -e '/# am--include-marker/d' Makefile         | make -f - am--depfiles
config.status:1509: $? = 0
config.status:1504: cd tests/run       && sed -e '/# am--include-marker/d' Makefile         | make -f - am--depfiles
config.status:1509: $? = 0
config.status:1427: executing libtool commands

## ---------------- ##
## Cache variables. ##
## ---------------- ##

ac_cv_build=x86_64-pc-linux-gnu
ac_cv_c_bigendian=no
ac_cv_c_compiler_gnu=yes
ac_cv_c_const=yes
ac_cv_c_inline=inline
ac_cv_env_CC_set=
ac_cv_env_CC_value=
ac_cv_env_CFLAGS_set=set
ac_cv_env_CFLAGS_value='-march=x86-64 -mtune=generic -O2 -pipe -fno-plt'
ac_cv_env_CPPFLAGS_set=set
ac_cv_env_CPPFLAGS_value=-D_FORTIFY_SOURCE=2
ac_cv_env_CPP_set=
ac_cv_env_CPP_value=
ac_cv_env_GLIB_CFLAGS_set=
ac_cv_env_GLIB_CFLAGS_value=
ac_cv_env_GLIB_LIBS_set=
ac_cv_env_GLIB_LIBS_value=
ac_cv_env_GnuTLS_CFLAGS_set=
ac_cv_env_GnuTLS_CFLAGS_value=
ac_cv_env_GnuTLS_LIBS_set=
ac_cv_env_GnuTLS_LIBS_value=
ac_cv_env_LDFLAGS_set=set
ac_cv_env_LDFLAGS_value=-Wl,-O1,--sort-common,--as-needed,-z,relro,-z,now
ac_cv_env_LIBNL3_CFLAGS_set=
ac_cv_env_LIBNL3_CFLAGS_value=
ac_cv_env_LIBNL3_LIBS_set=
ac_cv_env_LIBNL3_LIBS_value=
ac_cv_env_LIBS_set=
ac_cv_env_LIBS_value=
ac_cv_env_LT_SYS_LIBRARY_PATH_set=
ac_cv_env_LT_SYS_LIBRARY_PATH_value=
ac_cv_env_PKG_CONFIG_LIBDIR_set=
ac_cv_env_PKG_CONFIG_LIBDIR_value=
ac_cv_env_PKG_CONFIG_PATH_set=
ac_cv_env_PKG_CONFIG_PATH_value=
ac_cv_env_PKG_CONFIG_set=
ac_cv_env_PKG_CONFIG_value=
ac_cv_env_build_alias_set=
ac_cv_env_build_alias_value=
ac_cv_env_host_alias_set=
ac_cv_env_host_alias_value=
ac_cv_env_target_alias_set=
ac_cv_env_target_alias_value=
ac_cv_func_alarm=yes
ac_cv_func_fallocate=yes
ac_cv_func_fdatasync=yes
ac_cv_func_fork=yes
ac_cv_func_fork_works=yes
ac_cv_func_gethostbyname=yes
ac_cv_func_inet_ntoa=yes
ac_cv_func_llseek=no
ac_cv_func_memset=yes
ac_cv_func_mkstemp=yes
ac_cv_func_setvbuf_reversed=no
ac_cv_func_socket=yes
ac_cv_func_splice=yes
ac_cv_func_strerror=yes
ac_cv_func_strstr=yes
ac_cv_func_sync_file_range=yes
ac_cv_func_vfork=yes
ac_cv_func_vfork_works=yes
ac_cv_have_decl_FALLOC_FL_PUNCH_HOLE=yes
ac_cv_have_decl_F_SETPIPE_SZ=yes
ac_cv_header_arpa_inet_h=yes
ac_cv_header_dirent_dirent_h=yes
ac_cv_header_dlfcn_h=yes
ac_cv_header_fcntl_h=yes
ac_cv_header_inttypes_h=yes
ac_cv_header_linux_falloc_h=yes
ac_cv_header_linux_types_h=yes
ac_cv_header_memory_h=yes
ac_cv_header_netdb_h=yes
ac_cv_header_netinet_in_h=yes
ac_cv_header_stdc=yes
ac_cv_header_stdint_h=yes
ac_cv_header_stdlib_h=yes
ac_cv_header_string_h=yes
ac_cv_header_strings_h=yes
ac_cv_header_sys_dirent_h=no
ac_cv_header_sys_ioctl_h=yes
ac_cv_header_sys_mount_h=yes
ac_cv_header_sys_socket_h=yes
ac_cv_header_sys_stat_h=yes
ac_cv_header_sys_types_h=yes
ac_cv_header_sys_uio_h=yes
ac_cv_header_sys_wait_h=yes
ac_cv_header_syslog_h=yes
ac_cv_header_unistd_h=yes
ac_cv_header_vfork_h=no
ac_cv_header_winioctl_h=no
ac_cv_host=x86_64-pc-linux-gnu
ac_cv_member_struct_dirent_d_type=yes
ac_cv_objext=o
ac_cv_path_EGREP='/usr/sbin/grep -E'
ac_cv_path_FGREP='/usr/sbin/grep -F'
ac_cv_path_GREP=/usr/sbin/grep
ac_cv_path_SED=/usr/sbin/sed
ac_cv_path_ac_pt_PKG_CONFIG=/usr/sbin/pkg-config
ac_cv_path_install='/usr/bin/install -c'
ac_cv_path_lt_DD=/usr/sbin/dd
ac_cv_path_mkdir=/usr/sbin/mkdir
ac_cv_prog_AWK=gawk
ac_cv_prog_CPP='gcc -E'
ac_cv_prog_ac_ct_AR=ar
ac_cv_prog_ac_ct_CC=gcc
ac_cv_prog_ac_ct_OBJDUMP=objdump
ac_cv_prog_ac_ct_RANLIB=ranlib
ac_cv_prog_ac_ct_STRIP=strip
ac_cv_prog_cc_c89=
ac_cv_prog_cc_c99=
ac_cv_prog_cc_g=yes
ac_cv_prog_make_make_set=yes
ac_cv_search_bind='none required'
ac_cv_search_daemon='none required'
ac_cv_search_inet_ntoa='none required'
ac_cv_search_opendir='none required'
ac_cv_sizeof_unsigned_int=4
ac_cv_sizeof_unsigned_long_int=8
ac_cv_sizeof_unsigned_long_long_int=8
ac_cv_sizeof_unsigned_short_int=2
ac_cv_type_off_t=yes
ac_cv_type_pid_t=yes
am_cv_CC_dependencies_compiler_type=gcc3
am_cv_make_support_nested_variables=yes
am_cv_prog_cc_c_o=yes
lt_cv_ar_at_file=@
lt_cv_archive_cmds_need_lc=no
lt_cv_deplibs_check_method=pass_all
lt_cv_file_magic_cmd='$MAGIC_CMD'
lt_cv_file_magic_test_file=
lt_cv_ld_reload_flag=-r
lt_cv_nm_interface='BSD nm'
lt_cv_objdir=.libs
lt_cv_path_LD=/usr/sbin/ld
lt_cv_path_NM='/usr/sbin/nm -B'
lt_cv_path_mainfest_tool=no
lt_cv_prog_compiler_c_o=yes
lt_cv_prog_compiler_pic='-fPIC -DPIC'
lt_cv_prog_compiler_pic_works=yes
lt_cv_prog_compiler_rtti_exceptions=no
lt_cv_prog_compiler_static_works=yes
lt_cv_prog_gnu_ld=yes
lt_cv_sharedlib_from_linklib_cmd='printf %s\n'
lt_cv_shlibpath_overrides_runpath=no
lt_cv_sys_global_symbol_pipe='sed -n -e '\''s/^.*[	 ]\([ABCDGIRSTW][ABCDGIRSTW]*\)[	 ][	 ]*\([_A-Za-z][_A-Za-z0-9]*\)$/\1 \2 \2/p'\'' | sed '\''/ __gnu_lto/d'\'''
lt_cv_sys_global_symbol_to_c_name_address='sed -n -e '\''s/^: \(.*\) .*$/  {"\1", (void *) 0},/p'\'' -e '\''s/^[ABCDGIRSTW][ABCDGIRSTW]* .* \(.*\)$/  {"\1", (void *) \&\1},/p'\'''
lt_cv_sys_global_symbol_to_c_name_address_lib_prefix='sed -n -e '\''s/^: \(.*\) .*$/  {"\1", (void *) 0},/p'\'' -e '\''s/^[ABCDGIRSTW][ABCDGIRSTW]* .* \(lib.*\)$/  {"\1", (void *) \&\1},/p'\'' -e '\''s/^[ABCDGIRSTW][ABCDGIRSTW]* .* \(.*\)$/  {"lib\1", (void *) \&\1},/p'\'''
lt_cv_sys_global_symbol_to_cdecl='sed -n -e '\''s/^T .* \(.*\)$/extern int \1();/p'\'' -e '\''s/^[ABCDGIRSTW][ABCDGIRSTW]* .* \(.*\)$/extern char \1;/p'\'''
lt_cv_sys_global_symbol_to_import=
lt_cv_sys_max_cmd_len=1572864
lt_cv_to_host_file_cmd=func_convert_file_noop
lt_cv_to_tool_file_cmd=func_convert_file_noop
lt_cv_truncate_bin='/usr/sbin/dd bs=4096 count=1'
pkg_cv_GLIB_CFLAGS='-I/usr/include/glib-2.0 -I/usr/lib/glib-2.0/include -pthread '
pkg_cv_GLIB_LIBS='-pthread -lgthread-2.0 -lglib-2.0 '
pkg_cv_GnuTLS_CFLAGS='-I/usr/include/p11-kit-1 '
pkg_cv_GnuTLS_LIBS='-lgnutls '
pkg_cv_LIBNL3_CFLAGS='-I/usr/include/libnl3 '
pkg_cv_LIBNL3_LIBS='-lnl-genl-3 -lnl-3 '

## ----------------- ##
## Output variables. ##
## ----------------- ##

ACLOCAL='${SHELL} /usr/src/repos/core/nbd/src/nbd-3.19/missing aclocal-1.16'
AMDEPBACKSLASH='\'
AMDEP_FALSE='#'
AMDEP_TRUE=''
AMTAR='$${TAR-tar}'
AM_BACKSLASH='\'
AM_CPPFLAGS=' -DSYSCONFDIR='\''"/etc"'\'''
AM_DEFAULT_V='$(AM_DEFAULT_VERBOSITY)'
AM_DEFAULT_VERBOSITY='1'
AM_V='$(V)'
AR='ar'
AUTOCONF='${SHELL} /usr/src/repos/core/nbd/src/nbd-3.19/missing autoconf'
AUTOHEADER='${SHELL} /usr/src/repos/core/nbd/src/nbd-3.19/missing autoheader'
AUTOMAKE='${SHELL} /usr/src/repos/core/nbd/src/nbd-3.19/missing automake-1.16'
AWK='gawk'
CC='gcc'
CCDEPMODE='depmode=gcc3'
CFLAGS='-march=x86-64 -mtune=generic -O2 -pipe -fno-plt -I/usr/include/libnl3 '
CLIENT_FALSE='#'
CLIENT_TRUE=''
CPP='gcc -E'
CPPFLAGS='-D_FORTIFY_SOURCE=2'
CYGPATH_W='echo'
DEFS='-DHAVE_CONFIG_H'
DEPDIR='.deps'
DLLTOOL='false'
DSYMUTIL=''
DUMPBIN=''
ECHO_C=''
ECHO_N='-n'
ECHO_T=''
EGREP='/usr/sbin/grep -E'
EXEEXT=''
FGREP='/usr/sbin/grep -F'
GLIB_CFLAGS='-I/usr/include/glib-2.0 -I/usr/lib/glib-2.0/include -pthread '
GLIB_LIBS='-pthread -lgthread-2.0 -lglib-2.0 '
GNUTLS_FALSE='#'
GNUTLS_TRUE=''
GREP='/usr/sbin/grep'
GZNBD_FALSE=''
GZNBD_TRUE='#'
GnuTLS_CFLAGS='-I/usr/include/p11-kit-1 '
GnuTLS_LIBS='-lgnutls '
INSTALL_DATA='${INSTALL} -m 644'
INSTALL_PROGRAM='${INSTALL}'
INSTALL_SCRIPT='${INSTALL}'
INSTALL_STRIP_PROGRAM='$(install_sh) -c -s'
LD='/usr/sbin/ld -m elf_x86_64'
LDFLAGS='-Wl,-O1,--sort-common,--as-needed,-z,relro,-z,now'
LIBNL3_CFLAGS='-I/usr/include/libnl3 '
LIBNL3_LIBS='-lnl-genl-3 -lnl-3 '
LIBOBJS=''
LIBS=' -lnl-genl-3 -lnl-3 '
LIBTOOL='$(SHELL) $(top_builddir)/libtool'
LIPO=''
LN_S='ln -s'
LTLIBOBJS=''
LT_SYS_LIBRARY_PATH=''
MAINT=''
MAINTAINER_MODE_FALSE='#'
MAINTAINER_MODE_TRUE=''
MAKEINFO='${SHELL} /usr/src/repos/core/nbd/src/nbd-3.19/missing makeinfo'
MANIFEST_TOOL=':'
MANPAGES_FALSE='#'
MANPAGES_TRUE=''
MAN_CONFIG_FILES='		man/nbd-client.8.sh 		man/nbd-server.5.sh 		man/nbd-server.1.sh 		man/nbd-trdump.1.sh 		man/nbdtab.5.sh 		'
MKDIR_P='/usr/sbin/mkdir -p'
NM='/usr/sbin/nm -B'
NMEDIT=''
OBJDUMP='objdump'
OBJEXT='o'
OTOOL64=''
OTOOL=''
PACKAGE='nbd'
PACKAGE_BUGREPORT='nbd@other.debian.org'
PACKAGE_NAME='nbd'
PACKAGE_STRING='nbd 3.19'
PACKAGE_TARNAME='nbd'
PACKAGE_URL='http://nbd.sourceforge.net/'
PACKAGE_VERSION='3.19'
PATH_SEPARATOR=':'
PKG_CONFIG='/usr/sbin/pkg-config'
PKG_CONFIG_LIBDIR=''
PKG_CONFIG_PATH=''
RANLIB='ranlib'
RUN_XFAIL=''
SED='/usr/sbin/sed'
SET_MAKE=''
SHELL='/bin/sh'
STRIP='strip'
VERSION='3.19'
ac_ct_AR='ar'
ac_ct_CC='gcc'
ac_ct_DUMPBIN=''
am__EXEEXT_FALSE=''
am__EXEEXT_TRUE='#'
am__fastdepCC_FALSE='#'
am__fastdepCC_TRUE=''
am__include='include'
am__isrc=''
am__leading_dot='.'
am__nodep='_no'
am__quote=''
am__tar='$${TAR-tar} chof - "$$tardir"'
am__untar='$${TAR-tar} xf -'
bindir='${exec_prefix}/bin'
build='x86_64-pc-linux-gnu'
build_alias=''
build_cpu='x86_64'
build_os='linux-gnu'
build_vendor='pc'
datadir='${datarootdir}'
datarootdir='${prefix}/share'
docdir='${datarootdir}/doc/${PACKAGE_TARNAME}'
dvidir='${docdir}'
exec_prefix='${prefix}'
host='x86_64-pc-linux-gnu'
host_alias=''
host_cpu='x86_64'
host_os='linux-gnu'
host_vendor='pc'
htmldir='${docdir}'
includedir='${prefix}/include'
infodir='${datarootdir}/info'
install_sh='${SHELL} /usr/src/repos/core/nbd/src/nbd-3.19/install-sh'
libdir='${exec_prefix}/lib'
libexecdir='${exec_prefix}/libexec'
localedir='${datarootdir}/locale'
localstatedir='${prefix}/var'
mandir='${datarootdir}/man'
mkdir_p='$(MKDIR_P)'
oldincludedir='/usr/include'
pdfdir='${docdir}'
prefix='/usr'
program_transform_name='s,x,x,'
psdir='${docdir}'
runstatedir='${localstatedir}/run'
sbindir='/usr/bin'
sharedstatedir='${prefix}/com'
sysconfdir='/etc'
target_alias=''

## ----------- ##
## confdefs.h. ##
## ----------- ##

/* confdefs.h */
#define PACKAGE_NAME "nbd"
#define PACKAGE_TARNAME "nbd"
#define PACKAGE_VERSION "3.19"
#define PACKAGE_STRING "nbd 3.19"
#define PACKAGE_BUGREPORT "nbd@other.debian.org"
#define PACKAGE_URL "http://nbd.sourceforge.net/"
#define PACKAGE "nbd"
#define VERSION "3.19"
#define STDC_HEADERS 1
#define HAVE_SYS_TYPES_H 1
#define HAVE_SYS_STAT_H 1
#define HAVE_STDLIB_H 1
#define HAVE_STRING_H 1
#define HAVE_MEMORY_H 1
#define HAVE_STRINGS_H 1
#define HAVE_INTTYPES_H 1
#define HAVE_STDINT_H 1
#define HAVE_UNISTD_H 1
#define HAVE_DLFCN_H 1
#define LT_OBJDIR ".libs/"
#define NBD_LFS 1
#define ISSERVER 1
#define SIZEOF_UNSIGNED_SHORT_INT 2
#define SIZEOF_UNSIGNED_INT 4
#define SIZEOF_UNSIGNED_LONG_INT 8
#define SIZEOF_UNSIGNED_LONG_LONG_INT 8
#define HAVE_DIRENT_H 1
#define HAVE_STRUCT_DIRENT_D_TYPE 1
#define HAVE_ALARM 1
#define HAVE_GETHOSTBYNAME 1
#define HAVE_INET_NTOA 1
#define HAVE_MEMSET 1
#define HAVE_SOCKET 1
#define HAVE_STRERROR 1
#define HAVE_STRSTR 1
#define HAVE_MKSTEMP 1
#define HAVE_FDATASYNC 1
#define HAVE_LINUX_FALLOC_H 1
#define HAVE_FALLOC_PH 1
#define HAVE_SPLICE 1
#define HAVE_GNUTLS 1
#define HAVE_FSCTL_SET_ZERO_DATA 0
#define HAVE_SYNC_FILE_RANGE sync_file_range(2) is not supported
#define HAVE_FORK 1
#define HAVE_VFORK 1
#define HAVE_WORKING_VFORK 1
#define HAVE_WORKING_FORK 1
#define HAVE_SYS_MOUNT_H 1
#define HAVE_ARPA_INET_H 1
#define HAVE_FCNTL_H 1
#define HAVE_NETDB_H 1
#define HAVE_NETINET_IN_H 1
#define HAVE_SYS_IOCTL_H 1
#define HAVE_SYS_SOCKET_H 1
#define HAVE_SYSLOG_H 1
#define HAVE_LINUX_TYPES_H 1
#define HAVE_SYS_UIO_H 1
#define HAVE_OLD_GLIB 0
#define NEED_BSD_SOURCE $NEED_BSD_SOURCE
#define HAVE_NETLINK 1
#define HAVE_SYS_WAIT_H 1

configure: exit 0
